#
# A fatal error has been detected by the Java Runtime Environment:
#
#  EXCEPTION_ACCESS_VIOLATION (0xc0000005) at pc=0x00007ffca5a9ad89, pid=7644, tid=13576
#
# JRE version: OpenJDK Runtime Environment Zulu24.30+11-CA (24.0.1+9) (build 24.0.1+9)
# Java VM: OpenJDK 64-Bit Server VM Zulu24.30+11-CA (24.0.1+9, mixed mode, sharing, tiered, compressed oops, compressed class ptrs, g1 gc, windows-amd64)
# Problematic frame:
# C  [awt.dll+0xdad89]
#
# No core dump will be written. Minidumps are not enabled by default on client versions of Windows
#
# If you would like to submit a bug report, please visit:
#   http://www.azul.com/support/
# The crash happened outside the Java Virtual Machine in native code.
# See problematic frame for where to report the bug.
#

---------------  S U M M A R Y ------------

Command Line: -Dfile.encoding=UTF-8 -agentlib:jdwp=transport=dt_shmem,address=javadebug --module-path=C:\Users\mengi\Documents\SMK_SuperMarché\build\classes smk_supermarché.menu

Host: Intel(R) Core(TM) i5-10310U CPU @ 1.70GHz, 8 cores, 15G,  Windows 11 , 64 bit Build 26100 (10.0.26100.7705)
Time: Mon Feb 23 13:30:49 2026 Paris, Madrid elapsed time: 326.872420 seconds (0d 0h 5m 26s)

---------------  T H R E A D  ---------------

Current thread (0x000001c0fe9cce10):  JavaThread "AWT-EventQueue-0"        [_thread_in_native, id=13576, stack(0x00000063ce400000,0x00000063ce500000) (1024K)]

Stack: [0x00000063ce400000,0x00000063ce500000],  sp=0x00000063ce4fef10,  free space=1019k
Native frames: (J=compiled Java code, j=interpreted, Vv=VM code, C=native code)
C  [awt.dll+0xdad89]  (no source info available)
C  [awt.dll+0xda148]  (no source info available)
C  0x000001c08754078b  (no source info available)

The last pc belongs to native method entry point (kind = native) (printed below).
Java frames: (J=compiled Java code, j=interpreted, Vv=VM code)
j  sun.awt.Win32GraphicsConfig.getBounds(I)Ljava/awt/Rectangle;+0 java.desktop@24.0.1
j  sun.awt.Win32GraphicsConfig.getBounds()Ljava/awt/Rectangle;+8 java.desktop@24.0.1
j  sun.awt.Win32GraphicsDevice.displayChanged()V+23 java.desktop@24.0.1
j  sun.awt.Win32GraphicsEnvironment.displayChanged()V+271 java.desktop@24.0.1
j  sun.awt.windows.WToolkit.lambda$displayChanged$0()V+15 java.desktop@24.0.1
j  sun.awt.windows.WToolkit$$Lambda+0x000001c090135058.run()V+0 java.desktop@24.0.1
j  java.awt.event.InvocationEvent.dispatch()V+47 java.desktop@24.0.1
j  java.awt.EventQueue.dispatchEventImpl(Ljava/awt/AWTEvent;Ljava/lang/Object;)V+21 java.desktop@24.0.1
j  java.awt.EventQueue.dispatchEvent(Ljava/awt/AWTEvent;)V+22 java.desktop@24.0.1
j  java.awt.EventDispatchThread.pumpOneEventForFilters(I)V+81 java.desktop@24.0.1
j  java.awt.EventDispatchThread.pumpEventsForFilter(ILjava/awt/Conditional;Ljava/awt/EventFilter;)V+35 java.desktop@24.0.1
j  java.awt.EventDispatchThread.pumpEventsForHierarchy(ILjava/awt/Conditional;Ljava/awt/Component;)V+11 java.desktop@24.0.1
j  java.awt.EventDispatchThread.pumpEvents(ILjava/awt/Conditional;)V+4 java.desktop@24.0.1
j  java.awt.EventDispatchThread.pumpEvents(Ljava/awt/Conditional;)V+3 java.desktop@24.0.1
j  java.awt.EventDispatchThread.run()V+9 java.desktop@24.0.1
v  ~StubRoutines::call_stub 0x000001c087530fcd

siginfo: EXCEPTION_ACCESS_VIOLATION (0xc0000005), reading address 0x0000000000000028


Registers:
RAX=0x0000000000000000, RBX=0x000001c0d494c420, RCX=0x0000000000000000, RDX=0x0000000000000000
RSP=0x00000063ce4fef10, RBP=0x0000000000000000, RSI=0x0000000000000000, RDI=0x0000000000000000
R8 =0x0000000000000001, R9 =0x00000063cc6b9000, R10=0x000001c0d497a700, R11=0x000001c0d05471c0
R12=0x0000000000000000, R13=0x000001c0d4945418, R14=0x000001c0d48083e0, R15=0x0000000000000000
RIP=0x00007ffca5a9ad89, EFLAGS=0x0000000000010246

XMM[0]=0x0000000000000000 0x0000000000000000
XMM[1]=0x0000000000000000 0x00000063ce4fefe0
XMM[2]=0x00000063ce4fd634 0x00000063ce4fd630
XMM[3]=0x00000063ce4fe7d4 0x00000063ce4fe7d0
XMM[4]=0x000001c0876c2b30 0x000001c0d4970940
XMM[5]=0x000001c0fe9cce10 0x00000063ce4fe701
XMM[6]=0x0000000000000000 0xda965aa2185a5e86
XMM[7]=0x0000000000000000 0x1ed9ce78ce3f33b1
XMM[8]=0x0000000000000000 0xbaed75eefbd6b3fb
XMM[9]=0x0000000000000000 0x5c05ec2f2188a868
XMM[10]=0x0000000000000000 0x00000000c582bc39
XMM[11]=0x0000000000000000 0x672d694d88b611b5
XMM[12]=0x0000000000000000 0x000000002188a868
XMM[13]=0x0000000000000000 0x000000003f79add5
XMM[14]=0x0000000000000000 0x000000004322a7c9
XMM[15]=0x0000000000000000 0x0000000000000008
  MXCSR=0x00001fa2


Register to memory mapping:

RAX=0x0 is null
RBX=0x000001c0d494c420 points into unknown readable memory: 0x000001c0d5626c50 | 50 6c 62 d5 c0 01 00 00
RCX=0x0 is null
RDX=0x0 is null
RSP=0x00000063ce4fef10 is pointing into the stack for thread: 0x000001c0fe9cce10
RBP=0x0 is null
RSI=0x0 is null
RDI=0x0 is null
R8 =0x0000000000000001 is an unknown value
R9 =0x00000063cc6b9000 points into unknown readable memory: 0x0000000000000000 | 00 00 00 00 00 00 00 00
R10=0x000001c0d497a700 points into unknown readable memory: 0x0000001e00000003 | 03 00 00 00 1e 00 00 00
R11={method} {0x000001c0d05471c8} '<init>' '(IIII)V' in 'java/awt/Rectangle'
R12=0x0 is null
R13=0x000001c0d4945418 points into unknown readable memory: 0x000001c0d05471c0 | c0 71 54 d0 c0 01 00 00
R14=0x000001c0d48083e0 points into unknown readable memory: 0x00000007153790a8 | a8 90 37 15 07 00 00 00
R15=0x0 is null

Top of Stack: (sp=0x00000063ce4fef10)
0x00000063ce4fef10:   00007ffca5af7838 000001c0d494c420   8x...... .......
0x00000063ce4fef20:   000001c0fe9cd1d8 000001c0d494c420   ........ .......
0x00000063ce4fef30:   000001c0fe9cd1d8 00007ffca5a9a148   ........H.......
0x00000063ce4fef40:   000001c0d494c420 000001c0d494c420    ....... .......
0x00000063ce4fef50:   000000000000000c 000001c0fe9cd1d8   ................
0x00000063ce4fef60:   000000071502b7f8 000001c0d0445958   ........XYD.....
0x00000063ce4fef70:   0000000000000000 00000063ce4fef90   ..........O.c...
0x00000063ce4fef80:   0000000000000000 0000000000000000   ................
0x00000063ce4fef90:   0000cedbcd009451 000000071503d5f8   Q...............
0x00000063ce4fefa0:   000001c0fe9cce10 00000063ce4ff088   ..........O.c...
0x00000063ce4fefb0:   000001c0d046d608 0000000000000000   ..F.............
0x00000063ce4fefc0:   0000000000000120 000000000000000c    ...............
0x00000063ce4fefd0:   00000063ce4ff060 000001c08754078b   `.O.c.....T.....
0x00000063ce4fefe0:   00000063ce4feff8 000001c0d046d608   ..O.c.....F.....
0x00000063ce4feff0:   000001c087539154 0000000000000000   T.S.............
0x00000063ce4ff000:   000000071503d5f8 00000007148f1c10   ................
0x00000063ce4ff010:   00000007148f1c10 fffffffffffffff7   ................
0x00000063ce4ff020:   0000000000000000 0000000000000005   ................
0x00000063ce4ff030:   000001c0d0470140 0000000000000000   @.G.............
0x00000063ce4ff040:   000000071503e8e8 000001c0d046d608   ..........F.....
0x00000063ce4ff050:   0000000000000000 00000063ce4ff080   ..........O.c...
0x00000063ce4ff060:   00000063ce4ff0d8 000001c087539681   ..O.c.....S.....
0x00000063ce4ff070:   0000000000000000 000001c08753c75a   ........Z.S.....
0x00000063ce4ff080:   0000000000000000 00000007148f1c10   ................
0x00000063ce4ff090:   fffffffffffffff7 000001c0d046d6b0   ..........F.....
0x00000063ce4ff0a0:   0000000000000002 000001c0d0470140   ........@.G.....
0x00000063ce4ff0b0:   0000000000000000 000000071503e8e8   ................
0x00000063ce4ff0c0:   000001c0d046d6c8 fffffffffffffff5   ..F.............
0x00000063ce4ff0d0:   00000063ce4ff0e8 00000063ce4ff138   ..O.c...8.O.c...
0x00000063ce4ff0e0:   000001c087539681 00000007148f1c10   ..S.............
0x00000063ce4ff0f0:   fffffffffffffff7 000001c0d04457af   .........WD.....
0x00000063ce4ff100:   0000000000000003 000001c0d0447078   ........xpD.....

Instructions: (pc=0x00007ffca5a9ad89)
  0x00007ffca5a9ac89:   cc cc cc cc cc cc cc 48 89 5c 24 08 48 89 6c 24
  0x00007ffca5a9ac99:   10 48 89 74 24 18 57 48 83 ec 20 41 8b f8 0f b6
  0x00007ffca5a9aca9:   f2 48 8b e9 e8 1e d3 f4 ff 48 8b d8 48 89 44 24
  0x00007ffca5a9acb9:   48 41 b8 01 00 00 00 8b d7 48 8b c8 e8 86 d2 f4
  0x00007ffca5a9acc9:   ff 48 8b c8 44 0f b6 c6 48 8b d5 e8 97 fa ff ff
  0x00007ffca5a9acd9:   48 8b f8 48 8b cb e8 ac d4 f4 ff 90 48 8b c7 48
  0x00007ffca5a9ace9:   8b 5c 24 30 48 8b 6c 24 38 48 8b 74 24 40 48 83
  0x00007ffca5a9acf9:   c4 20 5f c3 cc cc cc 48 8b 49 28 e9 07 07 00 00
  0x00007ffca5a9ad09:   cc cc cc cc cc cc cc 48 89 5c 24 08 57 48 83 ec
  0x00007ffca5a9ad19:   20 8b f9 e8 af d2 f4 ff 48 8b d8 48 89 44 24 38
  0x00007ffca5a9ad29:   41 b8 01 00 00 00 8b d7 48 8b c8 e8 17 d2 f4 ff
  0x00007ffca5a9ad39:   48 8b 08 8b 39 48 8b cb e8 4a d4 f4 ff 90 8b c7
  0x00007ffca5a9ad49:   48 8b 5c 24 30 48 83 c4 20 5f c3 cc cc cc cc cc
  0x00007ffca5a9ad59:   cc cc cc cc cc cc cc 48 89 5c 24 08 57 48 83 ec
  0x00007ffca5a9ad69:   20 8b f9 e8 5f d2 f4 ff 48 8b d8 48 89 44 24 38
  0x00007ffca5a9ad79:   41 b8 01 00 00 00 8b d7 48 8b c8 e8 c7 d1 f4 ff
=>0x00007ffca5a9ad89:   48 8b 78 28 48 8b cb e8 fb d3 f4 ff 90 48 8b c7
  0x00007ffca5a9ad99:   48 8b 5c 24 30 48 83 c4 20 5f c3 cc cc cc cc cc
  0x00007ffca5a9ada9:   cc cc cc cc cc cc cc 48 89 5c 24 08 57 48 83 ec
  0x00007ffca5a9adb9:   20 8b f9 e8 0f d2 f4 ff 48 8b d8 48 89 44 24 38
  0x00007ffca5a9adc9:   41 b8 01 00 00 00 8b d7 48 8b c8 e8 77 d1 f4 ff
  0x00007ffca5a9add9:   48 8b 78 30 48 8b cb e8 ab d3 f4 ff 90 48 8b c7
  0x00007ffca5a9ade9:   48 8b 5c 24 30 48 83 c4 20 5f c3 cc cc cc cc cc
  0x00007ffca5a9adf9:   cc cc cc cc cc cc cc 48 89 5c 24 08 57 48 83 ec
  0x00007ffca5a9ae09:   20 8b f9 e8 bf d1 f4 ff 48 8b d8 48 89 44 24 38
  0x00007ffca5a9ae19:   41 b8 01 00 00 00 8b d7 48 8b c8 e8 27 d1 f4 ff
  0x00007ffca5a9ae29:   48 8b 78 08 48 85 ff 74 07 48 8b bf 08 0c 00 00
  0x00007ffca5a9ae39:   48 8b cb e8 4f d3 f4 ff 90 48 8b c7 48 8b 5c 24
  0x00007ffca5a9ae49:   30 48 83 c4 20 5f c3 f3 0f 10 41 48 c3 cc cc cc
  0x00007ffca5a9ae59:   cc cc cc cc cc cc cc f3 0f 10 41 4c c3 cc cc cc
  0x00007ffca5a9ae69:   cc cc cc cc cc cc cc 48 89 5c 24 10 48 89 74 24
  0x00007ffca5a9ae79:   18 55 57 41 56 48 8d 6c 24 e0 48 81 ec 20 01 00


Stack slot to memory mapping:

stack at sp + 0 slots: 0x00007ffca5af7838 awt.dll
stack at sp + 1 slots: 0x000001c0d494c420 points into unknown readable memory: 0x000001c0d5626c50 | 50 6c 62 d5 c0 01 00 00
stack at sp + 2 slots: 0x000001c0fe9cd1d8 points into unknown readable memory: 0x00007ffca525c9d0 | d0 c9 25 a5 fc 7f 00 00
stack at sp + 3 slots: 0x000001c0d494c420 points into unknown readable memory: 0x000001c0d5626c50 | 50 6c 62 d5 c0 01 00 00
stack at sp + 4 slots: 0x000001c0fe9cd1d8 points into unknown readable memory: 0x00007ffca525c9d0 | d0 c9 25 a5 fc 7f 00 00
stack at sp + 5 slots: 0x00007ffca5a9a148 awt.dll
stack at sp + 6 slots: 0x000001c0d494c420 points into unknown readable memory: 0x000001c0d5626c50 | 50 6c 62 d5 c0 01 00 00
stack at sp + 7 slots: 0x000001c0d494c420 points into unknown readable memory: 0x000001c0d5626c50 | 50 6c 62 d5 c0 01 00 00

Lock stack of current Java thread (top to bottom):

native method entry point (kind = native)  [0x000001c087540020, 0x000001c087541170]  4432 bytes
[MachCode]
  0x000001c087540020: 488b 4b08 | 0fb7 492e | 584c 8d74 | ccf8 6800 | 0000 0068 | 0000 0000 | 5055 488b | ec41 5568 
  0x000001c087540040: 0000 0000 | 4c8b 6b08 | 4d8d 6d38 | 5348 8b53 | 0848 8b52 | 0848 8b52 | 1848 8b52 | 7048 8b12 
  0x000001c087540060: 5248 8b53 | 1048 85d2 | 0f84 0700 | 0000 4881 | c208 0100 | 0052 488b | 5308 488b | 5208 488b 
  0x000001c087540080: 5210 5249 | 8bc6 482b | c548 c1e8 | 0350 6800 | 0000 0068 | f7ff ffff | 41c6 8771 | 0400 0001 
  0x000001c0875400a0: 488b 4310 | 4885 c074 | 208b 88cc | 0000 0083 | c102 8988 | cc00 0000 | 2388 e000 | 0000 0f84 
  0x000001c0875400c0: 430f 0000 | e984 0100 | 0048 8b43 | 1848 85c0 | 0f85 6701 | 0000 e805 | 0000 00e9 | 5001 0000 
  0x000001c0875400e0: 488b d348 | 8d44 2408 | 4c89 6dc0 | 498b cfc5 | f877 4989 | afb8 0300 | 0049 8987 | a803 0000 
  0x000001c087540100: 4883 ec20 | 40f6 c40f | 0f84 1900 | 0000 4883 | ec08 48b8 | 2016 98a4 | fc7f 0000 | ffd0 4883 
  0x000001c087540120: c408 e90c | 0000 0048 | b820 1698 | a4fc 7f00 | 00ff d048 | 83c4 2049 | c787 a803 | 0000 0000 
  0x000001c087540140: 0000 49c7 | 87b8 0300 | 0000 0000 | 0049 c787 | b003 0000 | 0000 0000 | c5f8 7741 | 8b8f 3405 
  0x000001c087540160: 0000 f6c1 | 010f 8442 | 0000 00f6 | c102 0f85 | 3900 0000 | 4883 ec20 | 40f6 c40f | 0f84 1900 
  0x000001c087540180: 0000 4883 | ec08 48b8 | 40e9 97a4 | fc7f 0000 | ffd0 4883 | c408 e90c | 0000 0048 | b840 e997 
  0x000001c0875401a0: a4fc 7f00 | 00ff d048 | 83c4 20ff | e049 8b8f | f805 0000 | 4885 c90f | 8455 0000 | 008b 899c 
  0x000001c0875401c0: 0000 0083 | f901 0f85 | 4600 0000 | 498b 8ff8 | 0500 008b | 89a0 0000 | 0048 83ec | 2040 f6c4 
  0x000001c0875401e0: 0f0f 8419 | 0000 0048 | 83ec 0848 | b830 e997 | a4fc 7f00 | 00ff d048 | 83c4 08e9 | 0c00 0000 
  0x000001c087540200: 48b8 30e9 | 97a4 fc7f | 0000 ffd0 | 4883 c420 | ffe0 4983 | 7f08 000f | 8405 0000 | 00e9 9e0c 
  0x000001c087540220: ffff 4c8b | 6dc0 4c8b | 75c8 4e8d | 74f5 00c3 | 488b 4318 | 4885 c00f | 8410 0000 | 008b 0883 
  0x000001c087540240: c102 8908 | 2348 140f | 84ba 0d00 | 0049 3ba7 | f004 0000 | 0f87 4800 | 0000 8984 | 2400 f0ff 
  0x000001c087540260: ff89 8424 | 00e0 ffff | 8984 2400 | d0ff ff89 | 8424 00c0 | ffff 8984 | 2400 b0ff | ff89 8424 
  0x000001c087540280: 00a0 ffff | 8984 2400 | 90ff ff89 | 8424 0080 | ffff 493b | a7e8 0400 | 0076 0749 | 89a7 f004 
  0x000001c0875402a0: 0000 41c6 | 8771 0400 | 0000 418b | 9700 0600 | 0085 d20f | 8457 0100 | 00e8 0500 | 0000 e94d 
  0x000001c0875402c0: 0100 0048 | 8d44 2408 | 4c89 6dc0 | 498b cfc5 | f877 4989 | afb8 0300 | 0049 8987 | a803 0000 
  0x000001c0875402e0: 4883 ec20 | 40f6 c40f | 0f84 1900 | 0000 4883 | ec08 48b8 | 403e 98a4 | fc7f 0000 | ffd0 4883 
  0x000001c087540300: c408 e90c | 0000 0048 | b840 3e98 | a4fc 7f00 | 00ff d048 | 83c4 2049 | c787 a803 | 0000 0000 
  0x000001c087540320: 0000 49c7 | 87b8 0300 | 0000 0000 | 0049 c787 | b003 0000 | 0000 0000 | c5f8 7741 | 8b8f 3405 
  0x000001c087540340: 0000 f6c1 | 010f 8442 | 0000 00f6 | c102 0f85 | 3900 0000 | 4883 ec20 | 40f6 c40f | 0f84 1900 
  0x000001c087540360: 0000 4883 | ec08 48b8 | 40e9 97a4 | fc7f 0000 | ffd0 4883 | c408 e90c | 0000 0048 | b840 e997 
  0x000001c087540380: a4fc 7f00 | 00ff d048 | 83c4 20ff | e049 8b8f | f805 0000 | 4885 c90f | 8455 0000 | 008b 899c 
  0x000001c0875403a0: 0000 0083 | f901 0f85 | 4600 0000 | 498b 8ff8 | 0500 008b | 89a0 0000 | 0048 83ec | 2040 f6c4 
  0x000001c0875403c0: 0f0f 8419 | 0000 0048 | 83ec 0848 | b830 e997 | a4fc 7f00 | 00ff d048 | 83c4 08e9 | 0c00 0000 
  0x000001c0875403e0: 48b8 30e9 | 97a4 fc7f | 0000 ffd0 | 4883 c420 | ffe0 4983 | 7f08 000f | 8405 0000 | 00e9 be0a 
  0x000001c087540400: ffff 4c8b | 6dc0 4c8b | 75c8 4e8d | 74f5 00c3 | 488b 5de8 | 4c8b 5b08 | 450f b75b | 2e41 c1e3 
  0x000001c087540420: 0349 2be3 | 4883 ec20 | 4883 e4f0 | 4c8b 5b60 | 4d85 db0f | 8562 0100 | 00e8 0500 | 0000 e950 
  0x000001c087540440: 0100 0048 | 8bd3 488d | 4424 084c | 896d c049 | 8bcf c5f8 | 7749 89af | b803 0000 | 4989 87a8 
  0x000001c087540460: 0300 0048 | 83ec 2040 | f6c4 0f0f | 8419 0000 | 0048 83ec | 0848 b840 | 4098 a4fc | 7f00 00ff 
  0x000001c087540480: d048 83c4 | 08e9 0c00 | 0000 48b8 | 4040 98a4 | fc7f 0000 | ffd0 4883 | c420 49c7 | 87a8 0300 
  0x000001c0875404a0: 0000 0000 | 0049 c787 | b803 0000 | 0000 0000 | 49c7 87b0 | 0300 0000 | 0000 00c5 | f877 418b 
  0x000001c0875404c0: 8f34 0500 | 00f6 c101 | 0f84 4200 | 0000 f6c1 | 020f 8539 | 0000 0048 | 83ec 2040 | f6c4 0f0f 
  0x000001c0875404e0: 8419 0000 | 0048 83ec | 0848 b840 | e997 a4fc | 7f00 00ff | d048 83c4 | 08e9 0c00 | 0000 48b8 
  0x000001c087540500: 40e9 97a4 | fc7f 0000 | ffd0 4883 | c420 ffe0 | 498b 8ff8 | 0500 0048 | 85c9 0f84 | 5500 0000 
  0x000001c087540520: 8b89 9c00 | 0000 83f9 | 010f 8546 | 0000 0049 | 8b8f f805 | 0000 8b89 | a000 0000 | 4883 ec20 
  0x000001c087540540: 40f6 c40f | 0f84 1900 | 0000 4883 | ec08 48b8 | 30e9 97a4 | fc7f 0000 | ffd0 4883 | c408 e90c 
  0x000001c087540560: 0000 0048 | b830 e997 | a4fc 7f00 | 00ff d048 | 83c4 20ff | e049 837f | 0800 0f84 | 0500 0000 
  0x000001c087540580: e93b 09ff | ff4c 8b6d | c04c 8b75 | c84e 8d74 | f500 c348 | 8b5d e84c | 8b5b 6041 | ffd3 488b 
  0x000001c0875405a0: 5de8 4889 | 4518 448b | 5b28 41f6 | c308 0f84 | 1b00 0000 | 4c8b 5b08 | 4d8b 5b08 | 4d8b 5b18 
  0x000001c0875405c0: 4d8b 5b70 | 4d8b 1b4c | 895d 1048 | 8d55 1048 | 8b43 5849 | ba60 88d1 | a4fc 7f00 | 0049 3bc2 
  0x000001c0875405e0: 0f85 6201 | 0000 e805 | 0000 00e9 | 5001 0000 | 488b d348 | 8d44 2408 | 4c89 6dc0 | 498b cfc5 
  0x000001c087540600: f877 4989 | afb8 0300 | 0049 8987 | a803 0000 | 4883 ec20 | 40f6 c40f | 0f84 1900 | 0000 4883 
  0x000001c087540620: ec08 48b8 | 4040 98a4 | fc7f 0000 | ffd0 4883 | c408 e90c | 0000 0048 | b840 4098 | a4fc 7f00 
  0x000001c087540640: 00ff d048 | 83c4 2049 | c787 a803 | 0000 0000 | 0000 49c7 | 87b8 0300 | 0000 0000 | 0049 c787 
  0x000001c087540660: b003 0000 | 0000 0000 | c5f8 7741 | 8b8f 3405 | 0000 f6c1 | 010f 8442 | 0000 00f6 | c102 0f85 
  0x000001c087540680: 3900 0000 | 4883 ec20 | 40f6 c40f | 0f84 1900 | 0000 4883 | ec08 48b8 | 40e9 97a4 | fc7f 0000 
  0x000001c0875406a0: ffd0 4883 | c408 e90c | 0000 0048 | b840 e997 | a4fc 7f00 | 00ff d048 | 83c4 20ff | e049 8b8f 
  0x000001c0875406c0: f805 0000 | 4885 c90f | 8455 0000 | 008b 899c | 0000 0083 | f901 0f85 | 4600 0000 | 498b 8ff8 
  0x000001c0875406e0: 0500 008b | 89a0 0000 | 0048 83ec | 2040 f6c4 | 0f0f 8419 | 0000 0048 | 83ec 0848 | b830 e997 
  0x000001c087540700: a4fc 7f00 | 00ff d048 | 83c4 08e9 | 0c00 0000 | 48b8 30e9 | 97a4 fc7f | 0000 ffd0 | 4883 c420 
  0x000001c087540720: ffe0 4983 | 7f08 000f | 8405 0000 | 00e9 8e07 | ffff 4c8b | 6dc0 4c8b | 75c8 4e8d | 74f5 00c3 
  0x000001c087540740: 488b 5de8 | 488b 4358 | 498d 8fc8 | 0300 004c | 8d15 d500 | 0000 4d89 | 97b0 0300 | 00c5 f877 
  0x000001c087540760: 4989 afb8 | 0300 0049 | 89a7 a803 | 0000 41c7 | 8754 0400 | 0004 0000 | 0049 3ba7 | 4805 0000 
  0x000001c087540780: 7607 4989 | a748 0500 | 00ff d049 | 3ba7 4805 | 0000 720b | 49c7 8748 | 0500 0000 | 0000 00c5 
  0x000001c0875407a0: f877 4883 | ec10 c5fb | 1104 2448 | 83ec 1048 | 8904 2448 | c744 2408 | 0000 0000 | 41c7 8754 
  0x000001c0875407c0: 0400 0005 | 0000 00f0 | 8344 24c0 | 0049 3b6f | 280f 870e | 0000 0041 | 83bf 5004 | 0000 000f 
  0x000001c0875407e0: 8420 0000 | 0049 8bcf | 4c8b e448 | 83ec 2048 | 83e4 f048 | b830 a599 | a4fc 7f00 | 00ff d049 
  0x000001c087540800: 8be4 4d33 | e441 c787 | 5404 0000 | 0800 0000 | 4d8b 9770 | 0500 0049 | 83fa 0074 | 3549 c787 
  0x000001c087540820: 7005 0000 | 0000 0000 | 41ff e249 | bac0 e953 | 87c0 0100 | 0041 ffd2 | 4883 ec10 | c5fb 1104 
  0x000001c087540840: 2448 83ec | 1048 8904 | 2448 c744 | 2408 0000 | 0000 49c7 | 87a8 0300 | 0000 0000 | 0049 c787 
  0x000001c087540860: b803 0000 | 0000 0000 | 49c7 87b0 | 0300 0000 | 0000 00c5 | f877 4d8b | 9f38 0400 | 0041 c783 
  0x000001c087540880: 0001 0000 | 0000 0000 | 49bb 5ac7 | 5387 c001 | 0000 4c3b | 5d18 0f85 | 5501 0000 | 488b 0424 
  0x000001c0875408a0: 4883 c410 | 4885 c00f | 842f 0100 | 00a8 030f | 8508 0000 | 0048 8b00 | e91f 0100 | 00a8 010f 
  0x000001c0875408c0: 8509 0000 | 0048 8b40 | fee9 0e01 | 0000 488b | 40ff 4180 | 7f48 000f | 84ff 0000 | 0048 83f8 
  0x000001c0875408e0: 000f 84f5 | 0000 004d | 8b5f 384d | 85db 0f84 | 1400 0000 | 4983 eb08 | 4d89 5f38 | 4d03 5f40 
  0x000001c087540900: 4989 03e9 | d400 0000 | 4883 ec70 | 4889 0424 | 4889 4c24 | 0848 8954 | 2410 4c89 | 4424 184c 
  0x000001c087540920: 894c 2420 | 4c89 5424 | 284c 895c | 2430 c5fb | 1144 2440 | c5fb 114c | 2448 c5fb | 1154 2450 
  0x000001c087540940: c5fb 115c | 2458 c5fb | 1164 2460 | c5fb 116c | 2468 498b | d748 8bc8 | 4883 ec20 | 40f6 c40f 
  0x000001c087540960: 0f84 1900 | 0000 4883 | ec08 48b8 | 9018 8ca4 | fc7f 0000 | ffd0 4883 | c408 e90c | 0000 0048 
  0x000001c087540980: b890 188c | a4fc 7f00 | 00ff d048 | 83c4 20c5 | fb10 6c24 | 68c5 fb10 | 6424 60c5 | fb10 5c24 
  0x000001c0875409a0: 58c5 fb10 | 5424 50c5 | fb10 4c24 | 48c5 fb10 | 4424 404c | 8b5c 2430 | 4c8b 5424 | 284c 8b4c 
  0x000001c0875409c0: 2420 4c8b | 4424 1848 | 8b54 2410 | 488b 4c24 | 0848 8b04 | 2448 83c4 | 70c5 f877 | 4889 4510 
  0x000001c0875409e0: 4883 ec10 | 4889 0424 | 48c7 4424 | 0800 0000 | 0041 83bf | d004 0000 | 020f 85bf | 0000 0048 
  0x000001c087540a00: 81ec 8000 | 0000 4889 | 4424 7848 | 894c 2470 | 4889 5424 | 6848 895c | 2460 4889 | 6c24 5048 
  0x000001c087540a20: 8974 2448 | 4889 7c24 | 404c 8944 | 2438 4c89 | 4c24 304c | 8954 2428 | 4c89 5c24 | 204c 8964 
  0x000001c087540a40: 2418 4c89 | 6c24 104c | 8974 2408 | 4c89 3c24 | 4c8b e448 | 83ec 2048 | 83e4 f048 | b850 70d1 
  0x000001c087540a60: a4fc 7f00 | 00ff d049 | 8be4 4c8b | 3c24 4c8b | 7424 084c | 8b6c 2410 | 4c8b 6424 | 184c 8b5c 
  0x000001c087540a80: 2420 4c8b | 5424 284c | 8b4c 2430 | 4c8b 4424 | 3848 8b7c | 2440 488b | 7424 4848 | 8b6c 2450 
  0x000001c087540aa0: 488b 5c24 | 6048 8b54 | 2468 488b | 4c24 7048 | 8b44 2478 | 4881 c480 | 0000 004d | 33e4 488b 
  0x000001c087540ac0: 5de8 4c8b | 6b08 4d8d | 6d38 4983 | 7f08 000f | 8472 0100 | 00e8 0500 | 0000 e94d | 0100 0048 
  0x000001c087540ae0: 8d44 2408 | 4c89 6dc0 | 498b cfc5 | f877 4989 | afb8 0300 | 0049 8987 | a803 0000 | 4883 ec20 
  0x000001c087540b00: 40f6 c40f | 0f84 1900 | 0000 4883 | ec08 48b8 | e05e 98a4 | fc7f 0000 | ffd0 4883 | c408 e90c 
  0x000001c087540b20: 0000 0048 | b8e0 5e98 | a4fc 7f00 | 00ff d048 | 83c4 2049 | c787 a803 | 0000 0000 | 0000 49c7 
  0x000001c087540b40: 87b8 0300 | 0000 0000 | 0049 c787 | b003 0000 | 0000 0000 | c5f8 7741 | 8b8f 3405 | 0000 f6c1 
  0x000001c087540b60: 010f 8442 | 0000 00f6 | c102 0f85 | 3900 0000 | 4883 ec20 | 40f6 c40f | 0f84 1900 | 0000 4883 
  0x000001c087540b80: ec08 48b8 | 40e9 97a4 | fc7f 0000 | ffd0 4883 | c408 e90c | 0000 0048 | b840 e997 | a4fc 7f00 
  0x000001c087540ba0: 00ff d048 | 83c4 20ff | e049 8b8f | f805 0000 | 4885 c90f | 8455 0000 | 008b 899c | 0000 0083 
  0x000001c087540bc0: f901 0f85 | 4600 0000 | 498b 8ff8 | 0500 008b | 89a0 0000 | 0048 83ec | 2040 f6c4 | 0f0f 8419 
  0x000001c087540be0: 0000 0048 | 83ec 0848 | b830 e997 | a4fc 7f00 | 00ff d048 | 83c4 08e9 | 0c00 0000 | 48b8 30e9 
  0x000001c087540c00: 97a4 fc7f | 0000 ffd0 | 4883 c420 | ffe0 4983 | 7f08 000f | 8405 0000 | 00e9 a202 | ffff 4c8b 
  0x000001c087540c20: 6dc0 4c8b | 75c8 4e8d | 74f5 00c3 | 48b9 e034 | 01a5 fc7f | 0000 4883 | e4f0 48b8 | d08d bea4 
  0x000001c087540c40: fc7f 0000 | ffd0 f444 | 8b5b 2841 | f6c3 200f | 8429 0200 | 0048 8d55 | a84c 8b5a | 084d 85db 
  0x000001c087540c60: 0f85 7201 | 0000 e805 | 0000 00e9 | 4d01 0000 | 488d 4424 | 084c 896d | c049 8bcf | c5f8 7749 
  0x000001c087540c80: 89af b803 | 0000 4989 | 87a8 0300 | 0048 83ec | 2040 f6c4 | 0f0f 8419 | 0000 0048 | 83ec 0848 
  0x000001c087540ca0: b810 5e98 | a4fc 7f00 | 00ff d048 | 83c4 08e9 | 0c00 0000 | 48b8 105e | 98a4 fc7f | 0000 ffd0 
  0x000001c087540cc0: 4883 c420 | 49c7 87a8 | 0300 0000 | 0000 0049 | c787 b803 | 0000 0000 | 0000 49c7 | 87b0 0300 
  0x000001c087540ce0: 0000 0000 | 00c5 f877 | 418b 8f34 | 0500 00f6 | c101 0f84 | 4200 0000 | f6c1 020f | 8539 0000 
  0x000001c087540d00: 0048 83ec | 2040 f6c4 | 0f0f 8419 | 0000 0048 | 83ec 0848 | b840 e997 | a4fc 7f00 | 00ff d048 
  0x000001c087540d20: 83c4 08e9 | 0c00 0000 | 48b8 40e9 | 97a4 fc7f | 0000 ffd0 | 4883 c420 | ffe0 498b | 8ff8 0500 
  0x000001c087540d40: 0048 85c9 | 0f84 5500 | 0000 8b89 | 9c00 0000 | 83f9 010f | 8546 0000 | 0049 8b8f | f805 0000 
  0x000001c087540d60: 8b89 a000 | 0000 4883 | ec20 40f6 | c40f 0f84 | 1900 0000 | 4883 ec08 | 48b8 30e9 | 97a4 fc7f 
  0x000001c087540d80: 0000 ffd0 | 4883 c408 | e90c 0000 | 0048 b830 | e997 a4fc | 7f00 00ff | d048 83c4 | 20ff e049 
  0x000001c087540da0: 837f 0800 | 0f84 0500 | 0000 e911 | 01ff ff4c | 8b6d c04c | 8b75 c84e | 8d74 f500 | c348 b9e0 
  0x000001c087540dc0: 3401 a5fc | 7f00 0048 | 83e4 f048 | b8d0 8dbe | a4fc 7f00 | 00ff d0f4 | 4c89 6dc0 | 4c8b 4a08 
  0x000001c087540de0: 48c7 4208 | 0000 0000 | 458b 8758 | 0600 004f | 3b4c 07f8 | 0f85 4200 | 0000 4183 | af58 0600 
  0x000001c087540e00: 0008 4f3b | 4c07 f00f | 842a 0000 | 0049 8b01 | a802 0f85 | 1200 0000 | 4c8b c049 | 83c8 01f0 
  0x000001c087540e20: 4d0f b101 | 0f84 0d00 | 0000 4183 | 8758 0600 | 0008 e905 | 0000 00e9 | 3e00 0000 | 4c89 4a08 
  0x000001c087540e40: 488b ca48 | 83ec 2040 | f6c4 0f0f | 8419 0000 | 0048 83ec | 0848 b830 | 3098 a4fc | 7f00 00ff 
  0x000001c087540e60: d048 83c4 | 08e9 0c00 | 0000 48b8 | 3030 98a4 | fc7f 0000 | ffd0 4883 | c420 4c8b | 6dc0 418b 
  0x000001c087540e80: 9700 0600 | 0085 d20f | 8457 0100 | 00e8 0500 | 0000 e94d | 0100 0048 | 8d44 2408 | 4c89 6dc0 
  0x000001c087540ea0: 498b cfc5 | f877 4989 | afb8 0300 | 0049 8987 | a803 0000 | 4883 ec20 | 40f6 c40f | 0f84 1900 
  0x000001c087540ec0: 0000 4883 | ec08 48b8 | 703f 98a4 | fc7f 0000 | ffd0 4883 | c408 e90c | 0000 0048 | b870 3f98 
  0x000001c087540ee0: a4fc 7f00 | 00ff d048 | 83c4 2049 | c787 a803 | 0000 0000 | 0000 49c7 | 87b8 0300 | 0000 0000 
  0x000001c087540f00: 0049 c787 | b003 0000 | 0000 0000 | c5f8 7741 | 8b8f 3405 | 0000 f6c1 | 010f 8442 | 0000 00f6 
  0x000001c087540f20: c102 0f85 | 3900 0000 | 4883 ec20 | 40f6 c40f | 0f84 1900 | 0000 4883 | ec08 48b8 | 40e9 97a4 
  0x000001c087540f40: fc7f 0000 | ffd0 4883 | c408 e90c | 0000 0048 | b840 e997 | a4fc 7f00 | 00ff d048 | 83c4 20ff 
  0x000001c087540f60: e049 8b8f | f805 0000 | 4885 c90f | 8455 0000 | 008b 899c | 0000 0083 | f901 0f85 | 4600 0000 
  0x000001c087540f80: 498b 8ff8 | 0500 008b | 89a0 0000 | 0048 83ec | 2040 f6c4 | 0f0f 8419 | 0000 0048 | 83ec 0848 
  0x000001c087540fa0: b830 e997 | a4fc 7f00 | 00ff d048 | 83c4 08e9 | 0c00 0000 | 48b8 30e9 | 97a4 fc7f | 0000 ffd0 
  0x000001c087540fc0: 4883 c420 | ffe0 4983 | 7f08 000f | 8405 0000 | 00e9 eafe | feff 4c8b | 6dc0 4c8b | 75c8 4e8d 
  0x000001c087540fe0: 74f5 00c3 | 488b 0424 | 4883 c410 | c5fb 1004 | 2448 83c4 | 104c 8b5d | 1841 ffd3 | 4c8b 5df8 
  0x000001c087541000: c95f 498b | e3ff e7ba | 0000 0000 | e805 0000 | 00e9 4d01 | 0000 488d | 4424 084c | 896d c049 
  0x000001c087541020: 8bcf c5f8 | 7749 89af | b803 0000 | 4989 87a8 | 0300 0048 | 83ec 2040 | f6c4 0f0f | 8419 0000 
  0x000001c087541040: 0048 83ec | 0848 b8e0 | 2498 a4fc | 7f00 00ff | d048 83c4 | 08e9 0c00 | 0000 48b8 | e024 98a4 
  0x000001c087541060: fc7f 0000 | ffd0 4883 | c420 49c7 | 87a8 0300 | 0000 0000 | 0049 c787 | b803 0000 | 0000 0000 
  0x000001c087541080: 49c7 87b0 | 0300 0000 | 0000 00c5 | f877 418b | 8f34 0500 | 00f6 c101 | 0f84 4200 | 0000 f6c1 
  0x000001c0875410a0: 020f 8539 | 0000 0048 | 83ec 2040 | f6c4 0f0f | 8419 0000 | 0048 83ec | 0848 b840 | e997 a4fc 
  0x000001c0875410c0: 7f00 00ff | d048 83c4 | 08e9 0c00 | 0000 48b8 | 40e9 97a4 | fc7f 0000 | ffd0 4883 | c420 ffe0 
  0x000001c0875410e0: 498b 8ff8 | 0500 0048 | 85c9 0f84 | 5500 0000 | 8b89 9c00 | 0000 83f9 | 010f 8546 | 0000 0049 
  0x000001c087541100: 8b8f f805 | 0000 8b89 | a000 0000 | 4883 ec20 | 40f6 c40f | 0f84 1900 | 0000 4883 | ec08 48b8 
  0x000001c087541120: 30e9 97a4 | fc7f 0000 | ffd0 4883 | c408 e90c | 0000 0048 | b830 e997 | a4fc 7f00 | 00ff d048 
  0x000001c087541140: 83c4 20ff | e049 837f | 0800 0f84 | 0500 0000 | e96b fdfe | ff4c 8b6d | c04c 8b75 | c84e 8d74 
  0x000001c087541160: f500 c348 | 8b5d e8e9 | e1f0 ffff | 0f1f 4000 
[/MachCode]

---------------  P R O C E S S  ---------------

Threads class SMR info:
_java_thread_list=0x000001c0d424ea20, length=20, elements={
0x000001c0fe9c0f80, 0x000001c0fe9c37d0, 0x000001c0fe9c6de0, 0x000001c0fe9c7cc0,
0x000001c0fe9cc550, 0x000001c0fe9cd560, 0x000001c0d4018900, 0x000001c0d401b050,
0x000001c0fe9ceb50, 0x000001c0d41cf390, 0x000001c0d4267450, 0x000001c0d423f1d0,
0x000001c0fe9cdcb0, 0x000001c0fe9cf2a0, 0x000001c0fe9ce400, 0x000001c0fe9cf9f0,
0x000001c0fe9cce10, 0x000001c0d4982250, 0x000001c0d4985cd0, 0x000001c0d49829a0
}

Java Threads: ( => current thread )
  0x000001c0fe9c0f80 JavaThread "Reference Handler"          daemon [_thread_blocked, id=19436, stack(0x00000063cd400000,0x00000063cd500000) (1024K)]
  0x000001c0fe9c37d0 JavaThread "Finalizer"                  daemon [_thread_blocked, id=19064, stack(0x00000063cd500000,0x00000063cd600000) (1024K)]
  0x000001c0fe9c6de0 JavaThread "Signal Dispatcher"          daemon [_thread_blocked, id=10304, stack(0x00000063cd600000,0x00000063cd700000) (1024K)]
  0x000001c0fe9c7cc0 JavaThread "Attach Listener"            daemon [_thread_blocked, id=17992, stack(0x00000063cd700000,0x00000063cd800000) (1024K)]
  0x000001c0fe9cc550 JavaThread "Service Thread"             daemon [_thread_blocked, id=3628, stack(0x00000063cd800000,0x00000063cd900000) (1024K)]
  0x000001c0fe9cd560 JavaThread "Monitor Deflation Thread"   daemon [_thread_blocked, id=13248, stack(0x00000063cd900000,0x00000063cda00000) (1024K)]
  0x000001c0d4018900 JavaThread "C2 CompilerThread0"         daemon [_thread_blocked, id=15696, stack(0x00000063cda00000,0x00000063cdb00000) (1024K)]
  0x000001c0d401b050 JavaThread "C1 CompilerThread0"         daemon [_thread_blocked, id=7844, stack(0x00000063cdb00000,0x00000063cdc00000) (1024K)]
  0x000001c0fe9ceb50 JavaThread "Common-Cleaner"             daemon [_thread_blocked, id=3036, stack(0x00000063cdc00000,0x00000063cdd00000) (1024K)]
  0x000001c0d41cf390 JavaThread "JDWP Transport Listener: dt_shmem" daemon [_thread_blocked, id=18456, stack(0x00000063cdd00000,0x00000063cde00000) (1024K)]
  0x000001c0d4267450 JavaThread "JDWP Event Helper Thread"   daemon [_thread_blocked, id=4048, stack(0x00000063cde00000,0x00000063cdf00000) (1024K)]
  0x000001c0d423f1d0 JavaThread "JDWP Command Reader"        daemon [_thread_in_native, id=1280, stack(0x00000063cdf00000,0x00000063ce000000) (1024K)]
  0x000001c0fe9cdcb0 JavaThread "Notification Thread"        daemon [_thread_blocked, id=14020, stack(0x00000063ce000000,0x00000063ce100000) (1024K)]
  0x000001c0fe9cf2a0 JavaThread "Java2D Disposer"            daemon [_thread_blocked, id=4780, stack(0x00000063ce100000,0x00000063ce200000) (1024K)]
  0x000001c0fe9ce400 JavaThread "AWT-Shutdown"                      [_thread_blocked, id=11196, stack(0x00000063ce200000,0x00000063ce300000) (1024K)]
  0x000001c0fe9cf9f0 JavaThread "AWT-Windows"                daemon [_thread_in_native, id=11948, stack(0x00000063ce300000,0x00000063ce400000) (1024K)]
=>0x000001c0fe9cce10 JavaThread "AWT-EventQueue-0"                  [_thread_in_native, id=13576, stack(0x00000063ce400000,0x00000063ce500000) (1024K)]
  0x000001c0d4982250 JavaThread "DestroyJavaVM"                     [_thread_blocked, id=7796, stack(0x00000063ccc00000,0x00000063ccd00000) (1024K)]
  0x000001c0d4985cd0 JavaThread "org.netbeans.modules.debugger.jpda.visual AWT Access Loop" daemon [_thread_blocked, id=13260, stack(0x00000063ce500000,0x00000063ce600000) (1024K)]
  0x000001c0d49829a0 JavaThread "TimerQueue"                 daemon [_thread_blocked, id=2076, stack(0x00000063ce600000,0x00000063ce700000) (1024K)]
Total: 20

Other Threads:
  0x000001c0fe9b0790 VMThread "VM Thread"                           [id=14940, stack(0x00000063cd300000,0x00000063cd400000) (1024K)]
  0x000001c0fe9a24c0 WatcherThread "VM Periodic Task Thread"        [id=10608, stack(0x00000063cd200000,0x00000063cd300000) (1024K)]
  0x000001c0ee839f30 WorkerThread "GC Thread#0"                     [id=16340, stack(0x00000063ccd00000,0x00000063cce00000) (1024K)]
  0x000001c0ee84f780 ConcurrentGCThread "G1 Main Marker"            [id=17600, stack(0x00000063cce00000,0x00000063ccf00000) (1024K)]
  0x000001c0ee850a30 WorkerThread "G1 Conc#0"                       [id=9960, stack(0x00000063ccf00000,0x00000063cd000000) (1024K)]
  0x000001c0fe865010 ConcurrentGCThread "G1 Refine#0"               [id=18736, stack(0x00000063cd000000,0x00000063cd100000) (1024K)]
  0x000001c0fe865b90 ConcurrentGCThread "G1 Service"                [id=18376, stack(0x00000063cd100000,0x00000063cd200000) (1024K)]
Total: 7

Threads with active compile tasks:
Total: 0

VM state: not at safepoint (normal execution)

VM Mutex/Monitor currently owned by a thread: None

Heap address: 0x0000000706200000, size: 3998 MB, Compressed Oops mode: Zero based, Oop shift amount: 3

CDS archive(s) mapped at: [0x000001c08f000000-0x000001c08fd40000-0x000001c08fd40000), size 13893632, SharedBaseAddress: 0x000001c08f000000, ArchiveRelocationMode: 1.
Compressed class space mapped at: 0x000001c090000000-0x000001c0d0000000, reserved size: 1073741824
UseCompressedClassPointers 1, UseCompactObjectHeaders 0
Narrow klass pointer bits 32, Max shift 3
Narrow klass base: 0x000001c08f000000, Narrow klass shift: 0
Encoding Range: [0x000001c08f000000 - 0x000001c18f000000), (4294967296 bytes)
Klass Range:    [0x000001c08f000000 - 0x000001c0d0000000), (1090519040 bytes)
Klass ID Range:  [8 - 1090519033) (1090519025)

GC Precious Log:
 CardTable entry size: 512
 Card Set container configuration: InlinePtr #cards 4 size 8 Array Of Cards #cards 16 size 48 Howl #buckets 8 coarsen threshold 3686 Howl Bitmap #cards 512 size 80 coarsen threshold 460 Card regions per heap region 1 cards per card region 4096
 CPUs: 8 total, 8 available
 Memory: 15984M
 Large Page Support: Disabled
 NUMA Support: Disabled
 Compressed Oops: Enabled (Zero based)
 Heap Region Size: 2M
 Heap Min Capacity: 8M
 Heap Initial Capacity: 250M
 Heap Max Capacity: 3998M
 Pre-touch: Disabled
 Parallel Workers: 8
 Concurrent Workers: 2
 Concurrent Refinement Workers: 8
 Periodic GC: Disabled

Heap:
 garbage-first heap   total reserved 4093952K, committed 258048K, used 23664K [0x0000000706200000, 0x0000000800000000)
  region size 2048K, 10 young (20480K), 0 survivors (0K)
 Metaspace       used 12334K, committed 12608K, reserved 1114112K
  class space    used 1221K, committed 1344K, reserved 1048576K

Heap Regions: E=young(eden), S=young(survivor), O=old, HS=humongous(starts), HC=humongous(continues), CS=collection set, F=free, TAMS=top-at-mark-start, PB=parsable bottom
|   0|0x0000000706200000, 0x0000000706400000, 0x0000000706400000|100%|HS|  |TAMS 0x0000000706200000| PB 0x0000000706200000| Complete |  0
|   1|0x0000000706400000, 0x0000000706600000, 0x0000000706600000|100%|HC|  |TAMS 0x0000000706400000| PB 0x0000000706400000| Complete |  0
|   2|0x0000000706600000, 0x0000000706600000, 0x0000000706800000|  0%| F|  |TAMS 0x0000000706600000| PB 0x0000000706600000| Untracked |  0
|   3|0x0000000706800000, 0x0000000706800000, 0x0000000706a00000|  0%| F|  |TAMS 0x0000000706800000| PB 0x0000000706800000| Untracked |  0
|   4|0x0000000706a00000, 0x0000000706a00000, 0x0000000706c00000|  0%| F|  |TAMS 0x0000000706a00000| PB 0x0000000706a00000| Untracked |  0
|   5|0x0000000706c00000, 0x0000000706c00000, 0x0000000706e00000|  0%| F|  |TAMS 0x0000000706c00000| PB 0x0000000706c00000| Untracked |  0
|   6|0x0000000706e00000, 0x0000000706e00000, 0x0000000707000000|  0%| F|  |TAMS 0x0000000706e00000| PB 0x0000000706e00000| Untracked |  0
|   7|0x0000000707000000, 0x0000000707000000, 0x0000000707200000|  0%| F|  |TAMS 0x0000000707000000| PB 0x0000000707000000| Untracked |  0
|   8|0x0000000707200000, 0x0000000707200000, 0x0000000707400000|  0%| F|  |TAMS 0x0000000707200000| PB 0x0000000707200000| Untracked |  0
|   9|0x0000000707400000, 0x0000000707400000, 0x0000000707600000|  0%| F|  |TAMS 0x0000000707400000| PB 0x0000000707400000| Untracked |  0
|  10|0x0000000707600000, 0x0000000707600000, 0x0000000707800000|  0%| F|  |TAMS 0x0000000707600000| PB 0x0000000707600000| Untracked |  0
|  11|0x0000000707800000, 0x0000000707800000, 0x0000000707a00000|  0%| F|  |TAMS 0x0000000707800000| PB 0x0000000707800000| Untracked |  0
|  12|0x0000000707a00000, 0x0000000707a00000, 0x0000000707c00000|  0%| F|  |TAMS 0x0000000707a00000| PB 0x0000000707a00000| Untracked |  0
|  13|0x0000000707c00000, 0x0000000707c00000, 0x0000000707e00000|  0%| F|  |TAMS 0x0000000707c00000| PB 0x0000000707c00000| Untracked |  0
|  14|0x0000000707e00000, 0x0000000707e00000, 0x0000000708000000|  0%| F|  |TAMS 0x0000000707e00000| PB 0x0000000707e00000| Untracked |  0
|  15|0x0000000708000000, 0x0000000708000000, 0x0000000708200000|  0%| F|  |TAMS 0x0000000708000000| PB 0x0000000708000000| Untracked |  0
|  16|0x0000000708200000, 0x0000000708200000, 0x0000000708400000|  0%| F|  |TAMS 0x0000000708200000| PB 0x0000000708200000| Untracked |  0
|  17|0x0000000708400000, 0x0000000708400000, 0x0000000708600000|  0%| F|  |TAMS 0x0000000708400000| PB 0x0000000708400000| Untracked |  0
|  18|0x0000000708600000, 0x0000000708600000, 0x0000000708800000|  0%| F|  |TAMS 0x0000000708600000| PB 0x0000000708600000| Untracked |  0
|  19|0x0000000708800000, 0x0000000708800000, 0x0000000708a00000|  0%| F|  |TAMS 0x0000000708800000| PB 0x0000000708800000| Untracked |  0
|  20|0x0000000708a00000, 0x0000000708a00000, 0x0000000708c00000|  0%| F|  |TAMS 0x0000000708a00000| PB 0x0000000708a00000| Untracked |  0
|  21|0x0000000708c00000, 0x0000000708c00000, 0x0000000708e00000|  0%| F|  |TAMS 0x0000000708c00000| PB 0x0000000708c00000| Untracked |  0
|  22|0x0000000708e00000, 0x0000000708e00000, 0x0000000709000000|  0%| F|  |TAMS 0x0000000708e00000| PB 0x0000000708e00000| Untracked |  0
|  23|0x0000000709000000, 0x0000000709000000, 0x0000000709200000|  0%| F|  |TAMS 0x0000000709000000| PB 0x0000000709000000| Untracked |  0
|  24|0x0000000709200000, 0x0000000709200000, 0x0000000709400000|  0%| F|  |TAMS 0x0000000709200000| PB 0x0000000709200000| Untracked |  0
|  25|0x0000000709400000, 0x0000000709400000, 0x0000000709600000|  0%| F|  |TAMS 0x0000000709400000| PB 0x0000000709400000| Untracked |  0
|  26|0x0000000709600000, 0x0000000709600000, 0x0000000709800000|  0%| F|  |TAMS 0x0000000709600000| PB 0x0000000709600000| Untracked |  0
|  27|0x0000000709800000, 0x0000000709800000, 0x0000000709a00000|  0%| F|  |TAMS 0x0000000709800000| PB 0x0000000709800000| Untracked |  0
|  28|0x0000000709a00000, 0x0000000709a00000, 0x0000000709c00000|  0%| F|  |TAMS 0x0000000709a00000| PB 0x0000000709a00000| Untracked |  0
|  29|0x0000000709c00000, 0x0000000709c00000, 0x0000000709e00000|  0%| F|  |TAMS 0x0000000709c00000| PB 0x0000000709c00000| Untracked |  0
|  30|0x0000000709e00000, 0x0000000709e00000, 0x000000070a000000|  0%| F|  |TAMS 0x0000000709e00000| PB 0x0000000709e00000| Untracked |  0
|  31|0x000000070a000000, 0x000000070a000000, 0x000000070a200000|  0%| F|  |TAMS 0x000000070a000000| PB 0x000000070a000000| Untracked |  0
|  32|0x000000070a200000, 0x000000070a200000, 0x000000070a400000|  0%| F|  |TAMS 0x000000070a200000| PB 0x000000070a200000| Untracked |  0
|  33|0x000000070a400000, 0x000000070a400000, 0x000000070a600000|  0%| F|  |TAMS 0x000000070a400000| PB 0x000000070a400000| Untracked |  0
|  34|0x000000070a600000, 0x000000070a600000, 0x000000070a800000|  0%| F|  |TAMS 0x000000070a600000| PB 0x000000070a600000| Untracked |  0
|  35|0x000000070a800000, 0x000000070a800000, 0x000000070aa00000|  0%| F|  |TAMS 0x000000070a800000| PB 0x000000070a800000| Untracked |  0
|  36|0x000000070aa00000, 0x000000070aa00000, 0x000000070ac00000|  0%| F|  |TAMS 0x000000070aa00000| PB 0x000000070aa00000| Untracked |  0
|  37|0x000000070ac00000, 0x000000070ac00000, 0x000000070ae00000|  0%| F|  |TAMS 0x000000070ac00000| PB 0x000000070ac00000| Untracked |  0
|  38|0x000000070ae00000, 0x000000070ae00000, 0x000000070b000000|  0%| F|  |TAMS 0x000000070ae00000| PB 0x000000070ae00000| Untracked |  0
|  39|0x000000070b000000, 0x000000070b000000, 0x000000070b200000|  0%| F|  |TAMS 0x000000070b000000| PB 0x000000070b000000| Untracked |  0
|  40|0x000000070b200000, 0x000000070b200000, 0x000000070b400000|  0%| F|  |TAMS 0x000000070b200000| PB 0x000000070b200000| Untracked |  0
|  41|0x000000070b400000, 0x000000070b400000, 0x000000070b600000|  0%| F|  |TAMS 0x000000070b400000| PB 0x000000070b400000| Untracked |  0
|  42|0x000000070b600000, 0x000000070b600000, 0x000000070b800000|  0%| F|  |TAMS 0x000000070b600000| PB 0x000000070b600000| Untracked |  0
|  43|0x000000070b800000, 0x000000070b800000, 0x000000070ba00000|  0%| F|  |TAMS 0x000000070b800000| PB 0x000000070b800000| Untracked |  0
|  44|0x000000070ba00000, 0x000000070ba00000, 0x000000070bc00000|  0%| F|  |TAMS 0x000000070ba00000| PB 0x000000070ba00000| Untracked |  0
|  45|0x000000070bc00000, 0x000000070bc00000, 0x000000070be00000|  0%| F|  |TAMS 0x000000070bc00000| PB 0x000000070bc00000| Untracked |  0
|  46|0x000000070be00000, 0x000000070be00000, 0x000000070c000000|  0%| F|  |TAMS 0x000000070be00000| PB 0x000000070be00000| Untracked |  0
|  47|0x000000070c000000, 0x000000070c000000, 0x000000070c200000|  0%| F|  |TAMS 0x000000070c000000| PB 0x000000070c000000| Untracked |  0
|  48|0x000000070c200000, 0x000000070c200000, 0x000000070c400000|  0%| F|  |TAMS 0x000000070c200000| PB 0x000000070c200000| Untracked |  0
|  49|0x000000070c400000, 0x000000070c400000, 0x000000070c600000|  0%| F|  |TAMS 0x000000070c400000| PB 0x000000070c400000| Untracked |  0
|  50|0x000000070c600000, 0x000000070c600000, 0x000000070c800000|  0%| F|  |TAMS 0x000000070c600000| PB 0x000000070c600000| Untracked |  0
|  51|0x000000070c800000, 0x000000070c800000, 0x000000070ca00000|  0%| F|  |TAMS 0x000000070c800000| PB 0x000000070c800000| Untracked |  0
|  52|0x000000070ca00000, 0x000000070ca00000, 0x000000070cc00000|  0%| F|  |TAMS 0x000000070ca00000| PB 0x000000070ca00000| Untracked |  0
|  53|0x000000070cc00000, 0x000000070cc00000, 0x000000070ce00000|  0%| F|  |TAMS 0x000000070cc00000| PB 0x000000070cc00000| Untracked |  0
|  54|0x000000070ce00000, 0x000000070ce00000, 0x000000070d000000|  0%| F|  |TAMS 0x000000070ce00000| PB 0x000000070ce00000| Untracked |  0
|  55|0x000000070d000000, 0x000000070d000000, 0x000000070d200000|  0%| F|  |TAMS 0x000000070d000000| PB 0x000000070d000000| Untracked |  0
|  56|0x000000070d200000, 0x000000070d200000, 0x000000070d400000|  0%| F|  |TAMS 0x000000070d200000| PB 0x000000070d200000| Untracked |  0
|  57|0x000000070d400000, 0x000000070d400000, 0x000000070d600000|  0%| F|  |TAMS 0x000000070d400000| PB 0x000000070d400000| Untracked |  0
|  58|0x000000070d600000, 0x000000070d600000, 0x000000070d800000|  0%| F|  |TAMS 0x000000070d600000| PB 0x000000070d600000| Untracked |  0
|  59|0x000000070d800000, 0x000000070d800000, 0x000000070da00000|  0%| F|  |TAMS 0x000000070d800000| PB 0x000000070d800000| Untracked |  0
|  60|0x000000070da00000, 0x000000070da00000, 0x000000070dc00000|  0%| F|  |TAMS 0x000000070da00000| PB 0x000000070da00000| Untracked |  0
|  61|0x000000070dc00000, 0x000000070dc00000, 0x000000070de00000|  0%| F|  |TAMS 0x000000070dc00000| PB 0x000000070dc00000| Untracked |  0
|  62|0x000000070de00000, 0x000000070de00000, 0x000000070e000000|  0%| F|  |TAMS 0x000000070de00000| PB 0x000000070de00000| Untracked |  0
|  63|0x000000070e000000, 0x000000070e000000, 0x000000070e200000|  0%| F|  |TAMS 0x000000070e000000| PB 0x000000070e000000| Untracked |  0
|  64|0x000000070e200000, 0x000000070e200000, 0x000000070e400000|  0%| F|  |TAMS 0x000000070e200000| PB 0x000000070e200000| Untracked |  0
|  65|0x000000070e400000, 0x000000070e400000, 0x000000070e600000|  0%| F|  |TAMS 0x000000070e400000| PB 0x000000070e400000| Untracked |  0
|  66|0x000000070e600000, 0x000000070e600000, 0x000000070e800000|  0%| F|  |TAMS 0x000000070e600000| PB 0x000000070e600000| Untracked |  0
|  67|0x000000070e800000, 0x000000070e800000, 0x000000070ea00000|  0%| F|  |TAMS 0x000000070e800000| PB 0x000000070e800000| Untracked |  0
|  68|0x000000070ea00000, 0x000000070ea00000, 0x000000070ec00000|  0%| F|  |TAMS 0x000000070ea00000| PB 0x000000070ea00000| Untracked |  0
|  69|0x000000070ec00000, 0x000000070ec00000, 0x000000070ee00000|  0%| F|  |TAMS 0x000000070ec00000| PB 0x000000070ec00000| Untracked |  0
|  70|0x000000070ee00000, 0x000000070ee00000, 0x000000070f000000|  0%| F|  |TAMS 0x000000070ee00000| PB 0x000000070ee00000| Untracked |  0
|  71|0x000000070f000000, 0x000000070f000000, 0x000000070f200000|  0%| F|  |TAMS 0x000000070f000000| PB 0x000000070f000000| Untracked |  0
|  72|0x000000070f200000, 0x000000070f200000, 0x000000070f400000|  0%| F|  |TAMS 0x000000070f200000| PB 0x000000070f200000| Untracked |  0
|  73|0x000000070f400000, 0x000000070f400000, 0x000000070f600000|  0%| F|  |TAMS 0x000000070f400000| PB 0x000000070f400000| Untracked |  0
|  74|0x000000070f600000, 0x000000070f600000, 0x000000070f800000|  0%| F|  |TAMS 0x000000070f600000| PB 0x000000070f600000| Untracked |  0
|  75|0x000000070f800000, 0x000000070f800000, 0x000000070fa00000|  0%| F|  |TAMS 0x000000070f800000| PB 0x000000070f800000| Untracked |  0
|  76|0x000000070fa00000, 0x000000070fa00000, 0x000000070fc00000|  0%| F|  |TAMS 0x000000070fa00000| PB 0x000000070fa00000| Untracked |  0
|  77|0x000000070fc00000, 0x000000070fc00000, 0x000000070fe00000|  0%| F|  |TAMS 0x000000070fc00000| PB 0x000000070fc00000| Untracked |  0
|  78|0x000000070fe00000, 0x000000070fe00000, 0x0000000710000000|  0%| F|  |TAMS 0x000000070fe00000| PB 0x000000070fe00000| Untracked |  0
|  79|0x0000000710000000, 0x0000000710000000, 0x0000000710200000|  0%| F|  |TAMS 0x0000000710000000| PB 0x0000000710000000| Untracked |  0
|  80|0x0000000710200000, 0x0000000710200000, 0x0000000710400000|  0%| F|  |TAMS 0x0000000710200000| PB 0x0000000710200000| Untracked |  0
|  81|0x0000000710400000, 0x0000000710400000, 0x0000000710600000|  0%| F|  |TAMS 0x0000000710400000| PB 0x0000000710400000| Untracked |  0
|  82|0x0000000710600000, 0x0000000710600000, 0x0000000710800000|  0%| F|  |TAMS 0x0000000710600000| PB 0x0000000710600000| Untracked |  0
|  83|0x0000000710800000, 0x0000000710800000, 0x0000000710a00000|  0%| F|  |TAMS 0x0000000710800000| PB 0x0000000710800000| Untracked |  0
|  84|0x0000000710a00000, 0x0000000710a00000, 0x0000000710c00000|  0%| F|  |TAMS 0x0000000710a00000| PB 0x0000000710a00000| Untracked |  0
|  85|0x0000000710c00000, 0x0000000710c00000, 0x0000000710e00000|  0%| F|  |TAMS 0x0000000710c00000| PB 0x0000000710c00000| Untracked |  0
|  86|0x0000000710e00000, 0x0000000710e00000, 0x0000000711000000|  0%| F|  |TAMS 0x0000000710e00000| PB 0x0000000710e00000| Untracked |  0
|  87|0x0000000711000000, 0x0000000711000000, 0x0000000711200000|  0%| F|  |TAMS 0x0000000711000000| PB 0x0000000711000000| Untracked |  0
|  88|0x0000000711200000, 0x0000000711200000, 0x0000000711400000|  0%| F|  |TAMS 0x0000000711200000| PB 0x0000000711200000| Untracked |  0
|  89|0x0000000711400000, 0x0000000711400000, 0x0000000711600000|  0%| F|  |TAMS 0x0000000711400000| PB 0x0000000711400000| Untracked |  0
|  90|0x0000000711600000, 0x0000000711600000, 0x0000000711800000|  0%| F|  |TAMS 0x0000000711600000| PB 0x0000000711600000| Untracked |  0
|  91|0x0000000711800000, 0x0000000711800000, 0x0000000711a00000|  0%| F|  |TAMS 0x0000000711800000| PB 0x0000000711800000| Untracked |  0
|  92|0x0000000711a00000, 0x0000000711a00000, 0x0000000711c00000|  0%| F|  |TAMS 0x0000000711a00000| PB 0x0000000711a00000| Untracked |  0
|  93|0x0000000711c00000, 0x0000000711c00000, 0x0000000711e00000|  0%| F|  |TAMS 0x0000000711c00000| PB 0x0000000711c00000| Untracked |  0
|  94|0x0000000711e00000, 0x0000000711e00000, 0x0000000712000000|  0%| F|  |TAMS 0x0000000711e00000| PB 0x0000000711e00000| Untracked |  0
|  95|0x0000000712000000, 0x0000000712000000, 0x0000000712200000|  0%| F|  |TAMS 0x0000000712000000| PB 0x0000000712000000| Untracked |  0
|  96|0x0000000712200000, 0x0000000712200000, 0x0000000712400000|  0%| F|  |TAMS 0x0000000712200000| PB 0x0000000712200000| Untracked |  0
|  97|0x0000000712400000, 0x0000000712400000, 0x0000000712600000|  0%| F|  |TAMS 0x0000000712400000| PB 0x0000000712400000| Untracked |  0
|  98|0x0000000712600000, 0x0000000712600000, 0x0000000712800000|  0%| F|  |TAMS 0x0000000712600000| PB 0x0000000712600000| Untracked |  0
|  99|0x0000000712800000, 0x0000000712800000, 0x0000000712a00000|  0%| F|  |TAMS 0x0000000712800000| PB 0x0000000712800000| Untracked |  0
| 100|0x0000000712a00000, 0x0000000712a00000, 0x0000000712c00000|  0%| F|  |TAMS 0x0000000712a00000| PB 0x0000000712a00000| Untracked |  0
| 101|0x0000000712c00000, 0x0000000712c00000, 0x0000000712e00000|  0%| F|  |TAMS 0x0000000712c00000| PB 0x0000000712c00000| Untracked |  0
| 102|0x0000000712e00000, 0x0000000712e00000, 0x0000000713000000|  0%| F|  |TAMS 0x0000000712e00000| PB 0x0000000712e00000| Untracked |  0
| 103|0x0000000713000000, 0x0000000713000000, 0x0000000713200000|  0%| F|  |TAMS 0x0000000713000000| PB 0x0000000713000000| Untracked |  0
| 104|0x0000000713200000, 0x0000000713200000, 0x0000000713400000|  0%| F|  |TAMS 0x0000000713200000| PB 0x0000000713200000| Untracked |  0
| 105|0x0000000713400000, 0x0000000713400000, 0x0000000713600000|  0%| F|  |TAMS 0x0000000713400000| PB 0x0000000713400000| Untracked |  0
| 106|0x0000000713600000, 0x0000000713600000, 0x0000000713800000|  0%| F|  |TAMS 0x0000000713600000| PB 0x0000000713600000| Untracked |  0
| 107|0x0000000713800000, 0x0000000713800000, 0x0000000713a00000|  0%| F|  |TAMS 0x0000000713800000| PB 0x0000000713800000| Untracked |  0
| 108|0x0000000713a00000, 0x0000000713a00000, 0x0000000713c00000|  0%| F|  |TAMS 0x0000000713a00000| PB 0x0000000713a00000| Untracked |  0
| 109|0x0000000713c00000, 0x0000000713c00000, 0x0000000713e00000|  0%| F|  |TAMS 0x0000000713c00000| PB 0x0000000713c00000| Untracked |  0
| 110|0x0000000713e00000, 0x0000000713e00000, 0x0000000714000000|  0%| F|  |TAMS 0x0000000713e00000| PB 0x0000000713e00000| Untracked |  0
| 111|0x0000000714000000, 0x0000000714000000, 0x0000000714200000|  0%| F|  |TAMS 0x0000000714000000| PB 0x0000000714000000| Untracked |  0
| 112|0x0000000714200000, 0x0000000714200000, 0x0000000714400000|  0%| F|  |TAMS 0x0000000714200000| PB 0x0000000714200000| Untracked |  0
| 113|0x0000000714400000, 0x0000000714400000, 0x0000000714600000|  0%| F|  |TAMS 0x0000000714400000| PB 0x0000000714400000| Untracked |  0
| 114|0x0000000714600000, 0x0000000714600000, 0x0000000714800000|  0%| F|  |TAMS 0x0000000714600000| PB 0x0000000714600000| Untracked |  0
| 115|0x0000000714800000, 0x0000000714a00000, 0x0000000714a00000|100%| E|  |TAMS 0x0000000714800000| PB 0x0000000714800000| Complete |  0
| 116|0x0000000714a00000, 0x0000000714c00000, 0x0000000714c00000|100%| E|CS|TAMS 0x0000000714a00000| PB 0x0000000714a00000| Complete |  0
| 117|0x0000000714c00000, 0x0000000714e00000, 0x0000000714e00000|100%| E|CS|TAMS 0x0000000714c00000| PB 0x0000000714c00000| Complete |  0
| 118|0x0000000714e00000, 0x0000000715000000, 0x0000000715000000|100%| E|CS|TAMS 0x0000000714e00000| PB 0x0000000714e00000| Complete |  0
| 119|0x0000000715000000, 0x0000000715200000, 0x0000000715200000|100%| E|CS|TAMS 0x0000000715000000| PB 0x0000000715000000| Complete |  0
| 120|0x0000000715200000, 0x0000000715400000, 0x0000000715400000|100%| E|CS|TAMS 0x0000000715200000| PB 0x0000000715200000| Complete |  0
| 121|0x0000000715400000, 0x0000000715600000, 0x0000000715600000|100%| E|CS|TAMS 0x0000000715400000| PB 0x0000000715400000| Complete |  0
| 122|0x0000000715600000, 0x0000000715800000, 0x0000000715800000|100%| E|CS|TAMS 0x0000000715600000| PB 0x0000000715600000| Complete |  0
| 123|0x0000000715800000, 0x0000000715a00000, 0x0000000715a00000|100%| E|CS|TAMS 0x0000000715800000| PB 0x0000000715800000| Complete |  0
| 124|0x0000000715a00000, 0x0000000715c00000, 0x0000000715c00000|100%| E|CS|TAMS 0x0000000715a00000| PB 0x0000000715a00000| Complete |  0
|1998|0x00000007ffe00000, 0x00000007fff1c2f8, 0x0000000800000000| 55%| O|  |TAMS 0x00000007ffe00000| PB 0x00000007ffe00000| Untracked |  0

Card table byte_map: [0x000001c0f7ee0000,0x000001c0f86b0000] _byte_map_base: 0x000001c0f46af000

Marking Bits: (CMBitMap*) 0x000001c0ee83a640
 Bits: [0x000001c0f86b0000, 0x000001c0fc528000)

Polling page: 0x000001c0ec5f0000

Metaspace:

Usage:
  Non-class:     10.85 MB used.
      Class:      1.19 MB used.
       Both:     12.05 MB used.

Virtual space:
  Non-class space:       64.00 MB reserved,      11.00 MB ( 17%) committed,  1 nodes.
      Class space:        1.00 GB reserved,       1.31 MB ( <1%) committed,  1 nodes.
             Both:        1.06 GB reserved,      12.31 MB (  1%) committed. 

Chunk freelists:
   Non-Class:  4.98 MB
       Class:  14.73 MB
        Both:  19.72 MB

MaxMetaspaceSize: unlimited
CompressedClassSpaceSize: 1.00 GB
Initial GC threshold: 21.00 MB
Current GC threshold: 21.00 MB
CDS: on
 - commit_granule_bytes: 65536.
 - commit_granule_words: 8192.
 - virtual_space_node_default_size: 8388608.
 - enlarge_chunks_in_place: 1.
UseCompressedClassPointers 1, UseCompactObjectHeaders 0
Narrow klass pointer bits 32, Max shift 3
Narrow klass base: 0x000001c08f000000, Narrow klass shift: 0
Encoding Range: [0x000001c08f000000 - 0x000001c18f000000), (4294967296 bytes)
Klass Range:    [0x000001c08f000000 - 0x000001c0d0000000), (1090519040 bytes)
Klass ID Range:  [8 - 1090519033) (1090519025)


Internal statistics:

num_allocs_failed_limit: 0.
num_arena_births: 122.
num_arena_deaths: 0.
num_vsnodes_births: 2.
num_vsnodes_deaths: 0.
num_space_committed: 197.
num_space_uncommitted: 0.
num_chunks_returned_to_freelist: 0.
num_chunks_taken_from_freelist: 175.
num_chunk_merges: 0.
num_chunk_splits: 108.
num_chunks_enlarged: 64.
num_inconsistent_stats: 0.

CodeHeap 'non-profiled nmethods': size=120064Kb used=467Kb max_used=467Kb free=119596Kb
 bounds [0x000001c087ac0000, 0x000001c087d30000, 0x000001c08f000000]
CodeHeap 'profiled nmethods': size=120000Kb used=2421Kb max_used=2421Kb free=117578Kb
 bounds [0x000001c080000000, 0x000001c080270000, 0x000001c087530000]
CodeHeap 'non-nmethods': size=5696Kb used=1604Kb max_used=1625Kb free=4091Kb
 bounds [0x000001c087530000, 0x000001c0877a0000, 0x000001c087ac0000]
CodeCache: size=245760Kb, used=4492Kb, max_used=4513Kb, free=241265Kb
 total_blobs=2339, nmethods=1629, adapters=615, full_count=0
Compilation: enabled, stopped_count=0, restarted_count=0

Compilation events (20 events):
Event: 26.132 Thread 0x000001c0d401b050 nmethod 1619 0x000001c08025ad08 code [0x000001c08025ae20, 0x000001c08025b068]
Event: 38.891 Thread 0x000001c0d401b050 1620       3       java.lang.Thread::sleep (29 bytes)
Event: 38.892 Thread 0x000001c0d401b050 nmethod 1620 0x000001c08025b088 code [0x000001c08025b1e0, 0x000001c08025b4d8]
Event: 38.892 Thread 0x000001c0d401b050 1621       3       java.util.concurrent.TimeUnit::toNanos (45 bytes)
Event: 38.892 Thread 0x000001c0d401b050 nmethod 1621 0x000001c08025b508 code [0x000001c08025b640, 0x000001c08025b878]
Event: 38.892 Thread 0x000001c0d401b050 1622   !   3       java.lang.Thread::sleepNanos (53 bytes)
Event: 38.893 Thread 0x000001c0d401b050 nmethod 1622 0x000001c08025b888 code [0x000001c08025ba20, 0x000001c08025c270]
Event: 38.893 Thread 0x000001c0d401b050 1623   !   3       java.lang.Thread::beforeSleep (32 bytes)
Event: 38.893 Thread 0x000001c0d401b050 nmethod 1623 0x000001c08025c308 code [0x000001c08025c440, 0x000001c08025c7d0]
Event: 38.893 Thread 0x000001c0d401b050 1624       3       jdk.internal.event.ThreadSleepEvent::<init> (5 bytes)
Event: 38.894 Thread 0x000001c0d401b050 nmethod 1624 0x000001c08025c808 code [0x000001c08025c920, 0x000001c08025cae0]
Event: 64.724 Thread 0x000001c0d4018900 1625       4       org.netbeans.modules.debugger.jpda.visual.remote.RemoteAWTService::access$400 (4 bytes)
Event: 64.725 Thread 0x000001c0d4018900 nmethod 1625 0x000001c087b34108 code [0x000001c087b34200, 0x000001c087b34270]
Event: 128.932 Thread 0x000001c0d4018900 1626       4       org.netbeans.modules.debugger.jpda.visual.remote.RemoteAWTService::access$000 (4 bytes)
Event: 128.932 Thread 0x000001c0d4018900 nmethod 1626 0x000001c087b34408 code [0x000001c087b34500, 0x000001c087b34578]
Event: 128.933 Thread 0x000001c0d4018900 1627       4       org.netbeans.modules.debugger.jpda.visual.remote.RemoteAWTService::access$100 (4 bytes)
Event: 128.933 Thread 0x000001c0d4018900 nmethod 1627 0x000001c087b34708 code [0x000001c087b34800, 0x000001c087b34878]
Event: 326.853 Thread 0x000001c0d401b050 1628       3       java.lang.invoke.DirectMethodHandle::shouldBeInitialized (117 bytes)
Event: 326.853 Thread 0x000001c0d4018900 1629       4       jdk.internal.classfile.impl.SplitConstantPool::canWriteDirect (24 bytes)
Event: 326.854 Thread 0x000001c0d401b050 nmethod 1628 0x000001c08025cb08 code [0x000001c08025cce0, 0x000001c08025d678]

GC Heap History (0 events):
No events

Dll operation events (9 events):
Event: 0.012 Loaded shared library C:\Program Files\Apache NetBeans\jdk\bin\java.dll
Event: 0.035 Loaded shared library C:\Program Files\Apache NetBeans\jdk\bin\jsvml.dll
Event: 0.061 Loaded shared library C:\Program Files\Apache NetBeans\jdk\bin\net.dll
Event: 0.063 Loaded shared library C:\Program Files\Apache NetBeans\jdk\bin\nio.dll
Event: 0.103 Loaded shared library C:\Program Files\Apache NetBeans\jdk\bin\zip.dll
Event: 0.115 Loaded shared library C:\Program Files\Apache NetBeans\jdk\bin\jimage.dll
Event: 0.122 Loaded shared library C:\Program Files\Apache NetBeans\jdk\bin\awt.dll
Event: 0.231 Loaded shared library C:\Program Files\Apache NetBeans\jdk\bin\freetype.dll
Event: 0.232 Loaded shared library C:\Program Files\Apache NetBeans\jdk\bin\fontmanager.dll

Deoptimization events (20 events):
Event: 1.631 Thread 0x000001c0fe9cce10 Uncommon trap: trap_request=0xffffff4d fr.pc=0x000001c087ad8fb0 relative=0x00000000000000b0
Event: 1.631 Thread 0x000001c0fe9cce10 Uncommon trap: reason=unstable_if action=reinterpret pc=0x000001c087ad8fb0 method=java.util.HashMap.hash(Ljava/lang/Object;)I @ 1 c2
Event: 1.631 Thread 0x000001c0fe9cce10 DEOPT PACKING pc=0x000001c087ad8fb0 sp=0x00000063ce4fe030
Event: 1.631 Thread 0x000001c0fe9cce10 DEOPT UNPACKING pc=0x000001c087657d02 sp=0x00000063ce4fdfc8 mode 2
Event: 1.673 Thread 0x000001c0fe9cce10 Uncommon trap: trap_request=0xffffffde fr.pc=0x000001c087ad2074 relative=0x00000000000001f4
Event: 1.673 Thread 0x000001c0fe9cce10 Uncommon trap: reason=class_check action=maybe_recompile pc=0x000001c087ad2074 method=java.lang.String.equals(Ljava/lang/Object;)Z @ 8 c2
Event: 1.673 Thread 0x000001c0fe9cce10 DEOPT PACKING pc=0x000001c087ad2074 sp=0x00000063ce4fcc50
Event: 1.673 Thread 0x000001c0fe9cce10 DEOPT UNPACKING pc=0x000001c087657d02 sp=0x00000063ce4fcbe8 mode 2
Event: 1.709 Thread 0x000001c0fe9cce10 Uncommon trap: trap_request=0xffffffde fr.pc=0x000001c087ad2074 relative=0x00000000000001f4
Event: 1.709 Thread 0x000001c0fe9cce10 Uncommon trap: reason=class_check action=maybe_recompile pc=0x000001c087ad2074 method=java.lang.String.equals(Ljava/lang/Object;)Z @ 8 c2
Event: 1.709 Thread 0x000001c0fe9cce10 DEOPT PACKING pc=0x000001c087ad2074 sp=0x00000063ce4fcd50
Event: 1.709 Thread 0x000001c0fe9cce10 DEOPT UNPACKING pc=0x000001c087657d02 sp=0x00000063ce4fcce8 mode 2
Event: 1.710 Thread 0x000001c0fe9cce10 Uncommon trap: trap_request=0xffffffde fr.pc=0x000001c087ad2074 relative=0x00000000000001f4
Event: 1.710 Thread 0x000001c0fe9cce10 Uncommon trap: reason=class_check action=maybe_recompile pc=0x000001c087ad2074 method=java.lang.String.equals(Ljava/lang/Object;)Z @ 8 c2
Event: 1.710 Thread 0x000001c0fe9cce10 DEOPT PACKING pc=0x000001c087ad2074 sp=0x00000063ce4fd830
Event: 1.710 Thread 0x000001c0fe9cce10 DEOPT UNPACKING pc=0x000001c087657d02 sp=0x00000063ce4fd7c8 mode 2
Event: 1.712 Thread 0x000001c0fe9cce10 Uncommon trap: trap_request=0xffffffde fr.pc=0x000001c087ad2074 relative=0x00000000000001f4
Event: 1.712 Thread 0x000001c0fe9cce10 Uncommon trap: reason=class_check action=maybe_recompile pc=0x000001c087ad2074 method=java.lang.String.equals(Ljava/lang/Object;)Z @ 8 c2
Event: 1.712 Thread 0x000001c0fe9cce10 DEOPT PACKING pc=0x000001c087ad2074 sp=0x00000063ce4fd9f0
Event: 1.712 Thread 0x000001c0fe9cce10 DEOPT UNPACKING pc=0x000001c087657d02 sp=0x00000063ce4fd988 mode 2

Classes loaded (20 events):
Event: 1.703 Loading class javax/swing/text/ParagraphView done
Event: 1.703 Loading class javax/swing/plaf/basic/BasicTextFieldUI$I18nFieldView done
Event: 1.711 Loading class javax/swing/JTable$2
Event: 1.711 Loading class javax/swing/JTable$Resizable3
Event: 1.711 Loading class javax/swing/JTable$Resizable2
Event: 1.711 Loading class javax/swing/JTable$Resizable2 done
Event: 1.711 Loading class javax/swing/JTable$Resizable3 done
Event: 1.711 Loading class javax/swing/JTable$2 done
Event: 1.712 Loading class javax/swing/JTable$5
Event: 1.712 Loading class javax/swing/JTable$5 done
Event: 1.714 Loading class javax/swing/plaf/basic/BasicGraphicsUtils
Event: 1.714 Loading class javax/swing/plaf/basic/BasicGraphicsUtils done
Event: 1.715 Loading class java/awt/Window$1DisposeAction
Event: 1.715 Loading class java/awt/Window$1DisposeAction done
Event: 1.715 Loading class sun/awt/SunToolkit$1
Event: 1.716 Loading class sun/awt/SunToolkit$1 done
Event: 1.722 Loading class javax/swing/Autoscroller
Event: 1.722 Loading class javax/swing/Autoscroller done
Event: 1.729 Loading class javax/swing/event/AncestorEvent
Event: 1.729 Loading class javax/swing/event/AncestorEvent done

Classes unloaded (0 events):
No events

Classes redefined (0 events):
No events

Internal exceptions (20 events):
Event: 0.310 Thread 0x000001c0ec35f9b0 Exception <a 'java/lang/ClassNotFoundException'{0x00000007153a83c0}: ToolBarSeparator> (0x00000007153a83c0) 
thrown [s\src\hotspot\share\classfile\systemDictionary.cpp, line 327]
Event: 0.310 Thread 0x000001c0ec35f9b0 Exception <a 'java/lang/ClassNotFoundException'{0x00000007153a88d8}: ToolTip> (0x00000007153a88d8) 
thrown [s\src\hotspot\share\classfile\systemDictionary.cpp, line 327]
Event: 0.311 Thread 0x000001c0ec35f9b0 Exception <a 'java/lang/ClassNotFoundException'{0x00000007153a9228}: Tree> (0x00000007153a9228) 
thrown [s\src\hotspot\share\classfile\systemDictionary.cpp, line 327]
Event: 0.311 Thread 0x000001c0ec35f9b0 Exception <a 'java/lang/ClassNotFoundException'{0x00000007153a9720}: Tree> (0x00000007153a9720) 
thrown [s\src\hotspot\share\classfile\systemDictionary.cpp, line 327]
Event: 0.311 Thread 0x000001c0ec35f9b0 Exception <a 'java/lang/ClassNotFoundException'{0x00000007153a9a90}: javax/swing/JTreeCell> (0x00000007153a9a90) 
thrown [s\src\hotspot\share\classfile\systemDictionary.cpp, line 327]
Event: 0.311 Thread 0x000001c0ec35f9b0 Exception <a 'java/lang/ClassNotFoundException'{0x00000007153a9d98}: TreeCell> (0x00000007153a9d98) 
thrown [s\src\hotspot\share\classfile\systemDictionary.cpp, line 327]
Event: 0.311 Thread 0x000001c0ec35f9b0 Exception <a 'java/lang/ClassNotFoundException'{0x00000007153aa530}: RootPane> (0x00000007153aa530) 
thrown [s\src\hotspot\share\classfile\systemDictionary.cpp, line 327]
Event: 0.313 Thread 0x000001c0ec35f9b0 Exception <a 'java/lang/ClassNotFoundException'{0x00000007153ad2a0}: com/sun/swing/internal/plaf/metal/resources/spi/metalProvider> (0x00000007153ad2a0) 
thrown [s\src\hotspot\share\classfile\systemDictionary.cpp, line 327]
Event: 0.314 Thread 0x000001c0ec35f9b0 Exception <a 'java/lang/ClassNotFoundException'{0x00000007153b1a38}: com/sun/swing/internal/plaf/basic/resources/spi/basicProvider> (0x00000007153b1a38) 
thrown [s\src\hotspot\share\classfile\systemDictionary.cpp, line 327]
Event: 0.404 Thread 0x000001c0fe9cce10 Exception <a 'java/lang/ClassNotFoundException'{0x0000000715040510}: com/sun/swing/internal/plaf/synth/resources/spi/synthProvider> (0x0000000715040510) 
thrown [s\src\hotspot\share\classfile\systemDictionary.cpp, line 327]
Event: 0.426 Thread 0x000001c0fe9cce10 Exception <a 'java/lang/NoSuchMethodError'{0x00000007150914d0}: 'int java.lang.invoke.Invokers$Holder.invokeExact_MT(java.lang.Object, java.lang.Object)'> (0x00000007150914d0) 
thrown [s\src\hotspot\share\interpreter\linkResolver.cpp, line 805]
Event: 0.431 Thread 0x000001c0fe9cce10 Exception <a 'java/lang/NoSuchMethodError'{0x000000071509be48}: 'java.lang.Object java.lang.invoke.DirectMethodHandle$Holder.newInvokeSpecial(java.lang.Object, java.lang.Object, int)'> (0x000000071509be48) 
thrown [s\src\hotspot\share\interpreter\linkResolver.cpp, line 805]
Event: 0.434 Thread 0x000001c0fe9cce10 Exception <a 'java/lang/NoSuchMethodError'{0x00000007150b5780}: 'java.lang.Object java.lang.invoke.DirectMethodHandle$Holder.invokeStatic(java.lang.Object, java.lang.Object, java.lang.Object, java.lang.Object, int)'> (0x00000007150b5780) 
thrown [s\src\hotspot\share\interpreter\linkResolver.cpp, line 805]
Event: 0.436 Thread 0x000001c0fe9cce10 Exception <a 'java/lang/NoSuchMethodError'{0x00000007150c6a78}: 'int java.lang.invoke.DirectMethodHandle$Holder.invokeSpecial(java.lang.Object, java.lang.Object, java.lang.Object)'> (0x00000007150c6a78) 
thrown [s\src\hotspot\share\interpreter\linkResolver.cpp, line 805]
Event: 0.490 Thread 0x000001c0fe9cce10 Exception <a 'java/lang/NoSuchMethodError'{0x0000000714e50a00}: 'void java.lang.invoke.DelegatingMethodHandle$Holder.reinvoke_L(java.lang.Object, java.lang.Object, java.lang.Object, java.lang.Object, long, long, float)'> (0x0000000714e50a00) 
thrown [s\src\hotspot\share\interpreter\linkResolver.cpp, line 805]
Event: 0.491 Thread 0x000001c0fe9cce10 Exception <a 'java/lang/NoSuchMethodError'{0x0000000714e70908}: 'java.lang.Object java.lang.invoke.DirectMethodHandle$Holder.invokeStatic(java.lang.Object, java.lang.Object, java.lang.Object, java.lang.Object, java.lang.Object, long)'> (0x0000000714e70908) 
thrown [s\src\hotspot\share\interpreter\linkResolver.cpp, line 805]
Event: 0.496 Thread 0x000001c0fe9cce10 Exception <a 'java/lang/NoSuchMethodError'{0x0000000714eb40c8}: 'float java.lang.invoke.DelegatingMethodHandle$Holder.reinvoke_L(java.lang.Object, java.lang.Object, java.lang.Object, java.lang.Object, long, long)'> (0x0000000714eb40c8) 
thrown [s\src\hotspot\share\interpreter\linkResolver.cpp, line 805]
Event: 0.593 Thread 0x000001c0fe9cf9f0 Exception <a 'java/lang/NoSuchMethodError'{0x0000000715705988}: 'void java.lang.invoke.DirectMethodHandle$Holder.invokeVirtual(java.lang.Object, java.lang.Object)'> (0x0000000715705988) 
thrown [s\src\hotspot\share\interpreter\linkResolver.cpp, line 805]
Event: 0.608 Thread 0x000001c0fe9cce10 Exception <a 'java/lang/NoSuchMethodError'{0x0000000714a13030}: 'void java.lang.invoke.DirectMethodHandle$Holder.invokeStaticInit(java.lang.Object)'> (0x0000000714a13030) 
thrown [s\src\hotspot\share\interpreter\linkResolver.cpp, line 805]
Event: 1.631 Thread 0x000001c0fe9cce10 Implicit null exception at 0x000001c087ad8f20 to 0x000001c087ad8fa2

VM Operations (20 events):
Event: 0.180 Executing VM operation: ChangeBreakpoints
Event: 0.180 Executing VM operation: ChangeBreakpoints done
Event: 0.180 Executing VM operation: ChangeBreakpoints
Event: 0.180 Executing VM operation: ChangeBreakpoints done
Event: 0.228 Executing VM operation: HandshakeAllThreads (Deoptimize)
Event: 0.228 Executing VM operation: HandshakeAllThreads (Deoptimize) done
Event: 0.326 Executing VM operation: ChangeBreakpoints
Event: 0.326 Executing VM operation: ChangeBreakpoints done
Event: 0.326 Executing VM operation: ChangeBreakpoints
Event: 0.326 Executing VM operation: ChangeBreakpoints done
Event: 0.389 Executing VM operation: HandshakeAllThreads (Deoptimize)
Event: 0.389 Executing VM operation: HandshakeAllThreads (Deoptimize) done
Event: 0.548 Executing VM operation: HandshakeAllThreads (Deoptimize)
Event: 0.548 Executing VM operation: HandshakeAllThreads (Deoptimize) done
Event: 0.728 Executing VM operation: HandshakeAllThreads (Deoptimize)
Event: 0.728 Executing VM operation: HandshakeAllThreads (Deoptimize) done
Event: 60.150 Executing VM operation: HandshakeAllThreads (HandshakeForDeflation)
Event: 60.150 Executing VM operation: HandshakeAllThreads (HandshakeForDeflation) done
Event: 60.150 Executing VM operation: RendezvousGCThreads
Event: 60.150 Executing VM operation: RendezvousGCThreads done

Memory protections (0 events):
No events

Nmethod flushes (0 events):
No events

Events (20 events):
Event: 0.033 Thread 0x000001c0ec35f9b0 Thread added: 0x000001c0fe9cd560
Event: 0.034 Thread 0x000001c0ec35f9b0 Thread added: 0x000001c0d4018900
Event: 0.034 Thread 0x000001c0ec35f9b0 Thread added: 0x000001c0d401b050
Event: 0.060 Thread 0x000001c0ec35f9b0 Thread added: 0x000001c0fe9ceb50
Event: 0.077 Thread 0x000001c0ec35f9b0 Thread added: 0x000001c0d41cf390
Event: 0.077 Thread 0x000001c0ec35f9b0 Thread added: 0x000001c0d4267450
Event: 0.078 Thread 0x000001c0d41cf390 Thread added: 0x000001c0d423f1d0
Event: 0.098 Thread 0x000001c0ec35f9b0 Thread added: 0x000001c0fe9cdcb0
Event: 0.164 Thread 0x000001c0ec35f9b0 Thread added: 0x000001c0fe9cf2a0
Event: 0.165 Thread 0x000001c0ec35f9b0 Thread added: 0x000001c0fe9ce400
Event: 0.165 Thread 0x000001c0ec35f9b0 Thread added: 0x000001c0fe9cf9f0
Event: 0.322 Thread 0x000001c0ec35f9b0 Thread added: 0x000001c0fe9cce10
Event: 0.323 Thread 0x000001c0ec35f9b0 Thread exited: 0x000001c0ec35f9b0
Event: 0.323 Thread 0x000001c0d4982250 Thread added: 0x000001c0d4982250
Event: 0.390 Thread 0x000001c0fe9cce10 Thread added: 0x000001c0d4985cd0
Event: 0.505 Thread 0x000001c0fe9cce10 Thread added: 0x000001c0d49829a0
Event: 0.514 Thread 0x000001c0fe9cce10 Thread added: 0x000001c0d49830f0
Event: 0.548 Thread 0x000001c0d401b050 Thread added: 0x000001c0d401b7e0
Event: 0.932 Thread 0x000001c0d401b7e0 Thread exited: 0x000001c0d401b7e0
Event: 6.665 Thread 0x000001c0d49830f0 Thread exited: 0x000001c0d49830f0


Dynamic libraries:
0x00007ff743840000 - 0x00007ff74384e000 	C:\Program Files\Apache NetBeans\jdk\bin\java.exe
0x00007ffd3f040000 - 0x00007ffd3f2a8000 	C:\WINDOWS\SYSTEM32\ntdll.dll
0x00007ffd23a10000 - 0x00007ffd23a30000 	C:\Program Files\Avast Software\Avast\aswhook.dll
0x00007ffd3d8b0000 - 0x00007ffd3d979000 	C:\WINDOWS\System32\KERNEL32.DLL
0x00007ffd3b920000 - 0x00007ffd3bd11000 	C:\WINDOWS\System32\KERNELBASE.dll
0x00007ffd3c590000 - 0x00007ffd3c6db000 	C:\WINDOWS\System32\ucrtbase.dll
0x00007ffca44b0000 - 0x00007ffca44c6000 	C:\Program Files\Apache NetBeans\jdk\bin\jli.dll
0x00007ffca4540000 - 0x00007ffca455e000 	C:\Program Files\Apache NetBeans\jdk\bin\VCRUNTIME140.dll
0x00007ffd3e160000 - 0x00007ffd3e326000 	C:\WINDOWS\System32\USER32.dll
0x00007ffd3c6e0000 - 0x00007ffd3c707000 	C:\WINDOWS\System32\win32u.dll
0x00007ffd23ba0000 - 0x00007ffd23e33000 	C:\WINDOWS\WinSxS\amd64_microsoft.windows.common-controls_6595b64144ccf1df_6.0.26100.7824_none_3e0870b2e3345462\COMCTL32.dll
0x00007ffd3d780000 - 0x00007ffd3d7ab000 	C:\WINDOWS\System32\GDI32.dll
0x00007ffd3d7b0000 - 0x00007ffd3d859000 	C:\WINDOWS\System32\msvcrt.dll
0x00007ffd3ccb0000 - 0x00007ffd3cddb000 	C:\WINDOWS\System32\gdi32full.dll
0x00007ffd3c860000 - 0x00007ffd3c903000 	C:\WINDOWS\System32\msvcp_win.dll
0x00007ffd3eec0000 - 0x00007ffd3eef1000 	C:\WINDOWS\System32\IMM32.DLL
0x00007ffccd060000 - 0x00007ffccd06c000 	C:\Program Files\Apache NetBeans\jdk\bin\vcruntime140_1.dll
0x00007ffca5930000 - 0x00007ffca59bd000 	C:\Program Files\Apache NetBeans\jdk\bin\msvcp140.dll
0x00007ffca4560000 - 0x00007ffca53dc000 	C:\Program Files\Apache NetBeans\jdk\bin\server\jvm.dll
0x00007ffd3d580000 - 0x00007ffd3d634000 	C:\WINDOWS\System32\ADVAPI32.dll
0x00007ffd3edb0000 - 0x00007ffd3ee56000 	C:\WINDOWS\System32\sechost.dll
0x00007ffd3e330000 - 0x00007ffd3e448000 	C:\WINDOWS\System32\RPCRT4.dll
0x00007ffd3d980000 - 0x00007ffd3d9f4000 	C:\WINDOWS\System32\WS2_32.dll
0x00007ffd3b780000 - 0x00007ffd3b7de000 	C:\WINDOWS\SYSTEM32\POWRPROF.dll
0x00007ffd2b190000 - 0x00007ffd2b19b000 	C:\WINDOWS\SYSTEM32\VERSION.dll
0x00007ffd0a6c0000 - 0x00007ffd0a6f5000 	C:\WINDOWS\SYSTEM32\WINMM.dll
0x00007ffd3b760000 - 0x00007ffd3b774000 	C:\WINDOWS\SYSTEM32\UMPDC.dll
0x00007ffd3a6c0000 - 0x00007ffd3a6db000 	C:\WINDOWS\SYSTEM32\kernel.appcore.dll
0x00007ffcbb6c0000 - 0x00007ffcbb6ca000 	C:\Program Files\Apache NetBeans\jdk\bin\jimage.dll
0x00007ffd39130000 - 0x00007ffd39372000 	C:\WINDOWS\SYSTEM32\DBGHELP.DLL
0x00007ffd3e460000 - 0x00007ffd3e7e6000 	C:\WINDOWS\System32\combase.dll
0x00007ffd3d380000 - 0x00007ffd3d457000 	C:\WINDOWS\System32\OLEAUT32.dll
0x00007ffd2ac80000 - 0x00007ffd2acbb000 	C:\WINDOWS\SYSTEM32\dbgcore.DLL
0x00007ffd3ca80000 - 0x00007ffd3cb25000 	C:\WINDOWS\System32\bcryptPrimitives.dll
0x00007ffd25890000 - 0x00007ffd258cc000 	C:\Program Files\Apache NetBeans\jdk\bin\jdwp.dll
0x00007ffca44e0000 - 0x00007ffca44fe000 	C:\Program Files\Apache NetBeans\jdk\bin\java.dll
0x00007ffd3ce60000 - 0x00007ffd3cff7000 	C:\WINDOWS\System32\ole32.dll
0x00007ffd3da00000 - 0x00007ffd3e152000 	C:\WINDOWS\System32\SHELL32.dll
0x00007ffd3c910000 - 0x00007ffd3ca7a000 	C:\WINDOWS\System32\wintypes.dll
0x00007ffd3bd20000 - 0x00007ffd3c583000 	C:\WINDOWS\System32\windows.storage.dll
0x00007ffd3d470000 - 0x00007ffd3d566000 	C:\WINDOWS\System32\SHCORE.dll
0x00007ffd3ef90000 - 0x00007ffd3eff7000 	C:\WINDOWS\System32\shlwapi.dll
0x00007ffd3b840000 - 0x00007ffd3b869000 	C:\WINDOWS\SYSTEM32\profapi.dll
0x00007ffca43d0000 - 0x00007ffca44a7000 	C:\Program Files\Apache NetBeans\jdk\bin\jsvml.dll
0x00007ffca43a0000 - 0x00007ffca43b0000 	C:\Program Files\Apache NetBeans\jdk\bin\net.dll
0x00007ffd3ac30000 - 0x00007ffd3ac9b000 	C:\WINDOWS\system32\mswsock.dll
0x00007ffca4380000 - 0x00007ffca4396000 	C:\Program Files\Apache NetBeans\jdk\bin\nio.dll
0x00007ffd080b0000 - 0x00007ffd080bb000 	C:\Program Files\Apache NetBeans\jdk\bin\dt_shmem.dll
0x00007ffca43b0000 - 0x00007ffca43c7000 	C:\Program Files\Apache NetBeans\jdk\bin\zip.dll
0x00007ffca59c0000 - 0x00007ffca5b3e000 	C:\Program Files\Apache NetBeans\jdk\bin\awt.dll
0x00007ffd38d40000 - 0x00007ffd38dde000 	C:\WINDOWS\SYSTEM32\apphelp.dll
0x00007ffd39050000 - 0x00007ffd390fb000 	C:\WINDOWS\system32\uxtheme.dll
0x00007ffd3d1e0000 - 0x00007ffd3d33f000 	C:\WINDOWS\System32\MSCTF.dll
0x00007ffd39670000 - 0x00007ffd396a1000 	C:\WINDOWS\system32\DWMAPI.DLL
0x00007ffca58a0000 - 0x00007ffca5927000 	C:\Program Files\Apache NetBeans\jdk\bin\freetype.dll
0x00007ffca57c0000 - 0x00007ffca5899000 	C:\Program Files\Apache NetBeans\jdk\bin\fontmanager.dll
0x00007ffd01480000 - 0x00007ffd01590000 	C:\WINDOWS\system32\opengl32.dll
0x00007ffd01320000 - 0x00007ffd0134d000 	C:\WINDOWS\SYSTEM32\GLU32.dll
0x00007ffd396e0000 - 0x00007ffd39724000 	C:\WINDOWS\SYSTEM32\dxcore.dll
0x00007ffd3d640000 - 0x00007ffd3d6f0000 	C:\WINDOWS\System32\clbcatq.dll
0x00007ffd37590000 - 0x00007ffd377bf000 	C:\WINDOWS\SYSTEM32\WindowsCodecs.dll
0x00007ffcfe750000 - 0x00007ffcfe7aa000 	C:\WINDOWS\system32\dataexchange.dll
0x00007ffd2d450000 - 0x00007ffd2d694000 	C:\WINDOWS\system32\twinapi.appcore.dll
0x00007ffd256e0000 - 0x00007ffd25829000 	C:\WINDOWS\SYSTEM32\textinputframework.dll
0x00007ffd38960000 - 0x00007ffd38a87000 	C:\WINDOWS\SYSTEM32\CoreMessaging.dll
0x00007ffd32ec0000 - 0x00007ffd331a2000 	C:\WINDOWS\SYSTEM32\CoreUIComponents.dll
0x00007ffd3af00000 - 0x00007ffd3af0c000 	C:\WINDOWS\SYSTEM32\CRYPTBASE.DLL

JVMTI agents:
jdwp path:C:\Program Files\Apache NetBeans\jdk\bin\jdwp.dll, loaded, initialized, options:transport=dt_shmem,address=javadebug

dbghelp: loaded successfully - version: 4.0.5 - missing functions: none
symbol engine: initialized successfully - sym options: 0x614 - pdb path: .;C:\Program Files\Apache NetBeans\jdk\bin;C:\WINDOWS\SYSTEM32;C:\Program Files\Avast Software\Avast;C:\WINDOWS\WinSxS\amd64_microsoft.windows.common-controls_6595b64144ccf1df_6.0.26100.7824_none_3e0870b2e3345462;C:\Program Files\Apache NetBeans\jdk\bin\server

VM Arguments:
jvm_args: -Dfile.encoding=UTF-8 -agentlib:jdwp=transport=dt_shmem,address=javadebug --module-path=C:\Users\mengi\Documents\SMK_SuperMarché\build\classes 
java_command: smk_supermarché.menu
java_class_path (initial): C:\Users\mengi\Documents\sqlite-jdbc-3.49.1.0.jar;C:\Users\mengi\Downloads\jcalendar-1.4.jar;C:\Users\mengi\Documents\SMK_SuperMarché\build\classes
Launcher Type: SUN_STANDARD

[Global flags]
     intx CICompilerCount                          = 4                                         {product} {ergonomic}
     uint ConcGCThreads                            = 2                                         {product} {ergonomic}
     uint G1ConcRefinementThreads                  = 8                                         {product} {ergonomic}
   size_t G1HeapRegionSize                         = 2097152                                   {product} {ergonomic}
   size_t InitialHeapSize                          = 262144000                                 {product} {ergonomic}
   size_t MarkStackSize                            = 4194304                                   {product} {ergonomic}
   size_t MarkStackSizeMax                         = 536870912                                 {product} {ergonomic}
   size_t MaxHeapSize                              = 4192206848                                {product} {ergonomic}
   size_t MaxNewSize                               = 2514485248                                {product} {ergonomic}
   size_t MinHeapDeltaBytes                        = 2097152                                   {product} {ergonomic}
   size_t MinHeapSize                              = 8388608                                   {product} {ergonomic}
    uintx NonNMethodCodeHeapSize                   = 5832704                                {pd product} {ergonomic}
    uintx NonProfiledCodeHeapSize                  = 122945536                              {pd product} {ergonomic}
    uintx ProfiledCodeHeapSize                     = 122880000                              {pd product} {ergonomic}
    uintx ReservedCodeCacheSize                    = 251658240                              {pd product} {ergonomic}
     bool SegmentedCodeCache                       = true                                      {product} {ergonomic}
   size_t SoftMaxHeapSize                          = 4192206848                             {manageable} {ergonomic}
     bool UseCompressedOops                        = true                           {product lp64_product} {ergonomic}
     bool UseG1GC                                  = true                                      {product} {ergonomic}
     bool UseLargePagesIndividualAllocation        = false                                  {pd product} {ergonomic}

Logging:
Log output configuration:
 #0: stdout all=warning uptime,level,tags foldmultilines=false
 #1: stderr all=off uptime,level,tags foldmultilines=false

Environment Variables:
PATH=C:\Python313\Scripts\;C:\Python313\;C:\WINDOWS\system32;C:\WINDOWS;C:\WINDOWS\System32\Wbem;C:\WINDOWS\System32\WindowsPowerShell\v1.0\;C:\WINDOWS\System32\OpenSSH\;C:\Program Files\nodejs\;C:\ProgramData\chocolatey\bin;C:\Program Files\Git\cmd;%ANDROID_HOME%\cmdline-tools\latest\bin;%ANDROID_HOME%\plateform-tools;C:\Users\mengi\Downloads\flutter-SDK\flutter\bin;C:\Program Files (x86)\Microsoft SQL Server\170\Tools\Binn\;C:\Program Files\Microsoft SQL Server\170\Tools\Binn\;C:\Program Files\Microsoft SQL Server\Client SDK\ODBC\180\Tools\Binn\;C:\Program Files\Microsoft SQL Server\170\DTS\Binn\;C:\Users\mengi\AppData\Local\Programs\Python\Python314\Scripts\;C:\Users\mengi\AppData\Local\Programs\Python\Python314\;C:\Users\mengi\AppData\Local\Microsoft\WindowsApps;C:\Users\mengi\AppData\Local\Programs\Microsoft VS Code\bin;C:\Users\mengi\AppData\Roaming\npm;C:\Users\mengi\AppData\Roaming\Python\Python313\Scripts;C:\Users\mengi\Downloads\flutter-SDK\flutter\bin
USERNAME=mengi
OS=Windows_NT
PROCESSOR_IDENTIFIER=Intel64 Family 6 Model 142 Stepping 12, GenuineIntel
TMP=C:\Users\mengi\AppData\Local\Temp
TEMP=C:\Users\mengi\AppData\Local\Temp




Periodic native trim disabled

---------------  S Y S T E M  ---------------

OS:
 Windows 11 , 64 bit Build 26100 (10.0.26100.7705)
OS uptime: 0 days 3:04 hours

CPU: total 8 (initial active 8) (4 cores per cpu, 2 threads per core) family 6 model 142 stepping 12 microcode 0xf4, cx8, cmov, fxsr, ht, mmx, 3dnowpref, sse, sse2, sse3, ssse3, sse4.1, sse4.2, popcnt, lzcnt, tsc, tscinvbit, avx, avx2, aes, erms, clmul, bmi1, bmi2, adx, fma, vzeroupper, clflush, clflushopt, rdtscp, f16c
Processor Information for the first 8 processors :
  Max Mhz: 2208, Current Mhz: 1706, Mhz Limit: 1700

Memory: 4k page, system-wide physical 15984M (8589M free)
TotalPageFile size 22128M (AvailPageFile size 12606M)
current process WorkingSet (physical memory assigned to process): 94M, peak: 99M
current process commit charge ("private bytes"): 361M, peak: 367M

vm_info: OpenJDK 64-Bit Server VM (24.0.1+9) for windows-amd64 JRE (24.0.1+9) (Zulu24.30+11-CA), built on 2025-03-21T13:52:34Z with MS VC++ 17.1 (VS2022)

END.
